2023-12-31 17:29:58,043 [INFO] Activator:176 - 


2023-12-31 17:29:58,049 [INFO] Activator:177 - !SESSION log4j initialized
2023-12-31 17:30:02,674 [INFO] LogOutputStream:77 - [STDOUT_REDIRECT] 
2023-12-31 17:30:11,658 [INFO] ApplicationProperties:184 - Using Application install path: C:\ST\STM32CubeIDE_1.14.0\STM32CubeIDE\plugins\com.st.stm32cube.common.mx_6.10.0.202311202037
2023-12-31 17:30:11,678 [INFO] DbMcusXml:78 - Set database path to: C:\ST\STM32CubeIDE_1.14.0\STM32CubeIDE\plugins\com.st.stm32cube.common.mx_6.10.0.202311202037\\db\/mcu/
2023-12-31 17:30:11,678 [INFO] ApiDb:274 - Set plugin database path to: C:\ST\STM32CubeIDE_1.14.0\STM32CubeIDE\plugins\com.st.stm32cube.common.mx_6.10.0.202311202037\\db\/plugins/boardmanager/
2023-12-31 17:30:11,678 [WARN] ApiDb:259 - Overriding images path with different value:  => C:\ST\STM32CubeIDE_1.14.0\STM32CubeIDE\plugins\com.st.stm32cube.common.mx_6.10.0.202311202037\\db\/plugins/mcufinder/images/
2023-12-31 17:30:11,687 [INFO] ApiDb:250 - Set database path to: C:\Users\Kaan\.stmcufinder\plugins\mcufinder//mcu/
2023-12-31 17:30:11,689 [INFO] DbMcusAds:125 - Set database path to: C:\Users\Kaan\.stmcufinder\plugins\mcufinder//mcu/
2023-12-31 17:30:11,691 [INFO] CrossReferenceDbSqlite:203 - Set database path to: C:\Users\Kaan\.stmcufinder\plugins\mcufinder//mcu/cs/
2023-12-31 17:30:11,818 [INFO] RulesReader:64 - Compatibility file has been processed (297 Rules)
2023-12-31 17:30:11,912 [INFO] DbMcusXml:78 - Set database path to: C:\ST\STM32CubeIDE_1.14.0\STM32CubeIDE\plugins\com.st.stm32cube.common.mx_6.10.0.202311202037\\db\/mcu/
2023-12-31 17:30:11,912 [INFO] ApiDb:274 - Set plugin database path to: C:\ST\STM32CubeIDE_1.14.0\STM32CubeIDE\plugins\com.st.stm32cube.common.mx_6.10.0.202311202037\\db\/plugins/boardmanager/
2023-12-31 17:30:11,912 [INFO] ApiDb:261 - Set plugin images path to: C:\ST\STM32CubeIDE_1.14.0\STM32CubeIDE\plugins\com.st.stm32cube.common.mx_6.10.0.202311202037\\db\/plugins/mcufinder/images/
2023-12-31 17:30:11,912 [WARN] DbFile:41 - Overriding database path with different value: C:\Users\Kaan\.stmcufinder\plugins\mcufinder/ => C:\Users\Kaan\.stmcufinder\plugins\mcufinder
2023-12-31 17:30:11,912 [INFO] ApiDb:250 - Set database path to: C:\Users\Kaan\.stmcufinder\plugins\mcufinder//mcu/
2023-12-31 17:30:11,912 [WARN] DbFile:41 - Overriding database path with different value: C:\Users\Kaan\.stmcufinder\plugins\mcufinder/ => C:\Users\Kaan\.stmcufinder\plugins\mcufinder
2023-12-31 17:30:11,912 [INFO] DbMcusAds:125 - Set database path to: C:\Users\Kaan\.stmcufinder\plugins\mcufinder//mcu/
2023-12-31 17:30:11,913 [WARN] DbFile:41 - Overriding database path with different value: C:\Users\Kaan\.stmcufinder\plugins\mcufinder/ => C:\Users\Kaan\.stmcufinder\plugins\mcufinder
2023-12-31 17:30:11,913 [WARN] DbFile:41 - Overriding database path with different value: C:\Users\Kaan\.stmcufinder\plugins\mcufinder/ => C:\Users\Kaan\.stmcufinder\plugins\mcufinder
2023-12-31 17:30:11,913 [INFO] CrossReferenceDbSqlite:203 - Set database path to: C:\Users\Kaan\.stmcufinder\plugins\mcufinder//mcu/cs/
2023-12-31 17:30:11,998 [INFO] MainPanel:264 - HeapMemory: 268435456
2023-12-31 17:30:12,123 [INFO] DbMcusXml:78 - Set database path to: C:\ST\STM32CubeIDE_1.14.0\STM32CubeIDE\plugins\com.st.stm32cube.common.mx_6.10.0.202311202037\\db\/mcu/
2023-12-31 17:30:12,123 [INFO] ApiDb:274 - Set plugin database path to: C:\ST\STM32CubeIDE_1.14.0\STM32CubeIDE\plugins\com.st.stm32cube.common.mx_6.10.0.202311202037\\db\/plugins/boardmanager/
2023-12-31 17:30:12,123 [INFO] ApiDb:261 - Set plugin images path to: C:\ST\STM32CubeIDE_1.14.0\STM32CubeIDE\plugins\com.st.stm32cube.common.mx_6.10.0.202311202037\\db\/plugins/mcufinder/images/
2023-12-31 17:30:12,124 [WARN] DbFile:41 - Overriding database path with different value: C:\Users\Kaan\.stmcufinder\plugins\mcufinder/ => C:\Users\Kaan\.stmcufinder\plugins\mcufinder
2023-12-31 17:30:12,124 [INFO] ApiDb:250 - Set database path to: C:\Users\Kaan\.stmcufinder\plugins\mcufinder//mcu/
2023-12-31 17:30:12,124 [WARN] DbFile:41 - Overriding database path with different value: C:\Users\Kaan\.stmcufinder\plugins\mcufinder/ => C:\Users\Kaan\.stmcufinder\plugins\mcufinder
2023-12-31 17:30:12,124 [INFO] DbMcusAds:125 - Set database path to: C:\Users\Kaan\.stmcufinder\plugins\mcufinder//mcu/
2023-12-31 17:30:12,125 [WARN] DbFile:41 - Overriding database path with different value: C:\Users\Kaan\.stmcufinder\plugins\mcufinder/ => C:\Users\Kaan\.stmcufinder\plugins\mcufinder
2023-12-31 17:30:12,125 [WARN] DbFile:41 - Overriding database path with different value: C:\Users\Kaan\.stmcufinder\plugins\mcufinder/ => C:\Users\Kaan\.stmcufinder\plugins\mcufinder
2023-12-31 17:30:12,125 [INFO] CrossReferenceDbSqlite:203 - Set database path to: C:\Users\Kaan\.stmcufinder\plugins\mcufinder//mcu/cs/
2023-12-31 17:30:12,148 [INFO] ApplicationProperties:184 - Using Application install path: C:\ST\STM32CubeIDE_1.14.0\STM32CubeIDE\plugins\com.st.stm32cube.common.mx_6.10.0.202311202037
2023-12-31 17:30:12,150 [INFO] PluginManage:196 - Search for loadable plugins [exclusion list=, ]
2023-12-31 17:30:12,151 [INFO] PluginManage:310 - Check plugin analytics
2023-12-31 17:30:12,354 [INFO] AnalyticsPlugin:253 - Accepted Software Licenses: 
2023-12-31 17:30:12,355 [INFO] AnalyticsPlugin:255 - Accepted CMSIS Pack Licenses: 
2023-12-31 17:30:12,355 [INFO] AnalyticsPlugin:257 - Accepted Firmware Licenses: FW.F4.1.27.0,FW.F4.1.28.0,FW.G0.1.6.0
2023-12-31 17:30:12,358 [INFO] PluginManage:359 - Loaded plugin analytics (category:tool,tabindex:-1)
2023-12-31 17:30:12,358 [INFO] PluginManage:310 - Check plugin cadmodel
2023-12-31 17:30:12,364 [INFO] CADModel:105 - Init CAD model plugin
2023-12-31 17:30:12,365 [INFO] PluginManage:359 - Loaded plugin cadmodel (category:power,tabindex:5)
2023-12-31 17:30:12,365 [INFO] PluginManage:310 - Check plugin clock
2023-12-31 17:30:12,377 [INFO] PluginManage:359 - Loaded plugin clock (category:base,tabindex:2)
2023-12-31 17:30:12,377 [INFO] PluginManage:310 - Check plugin ddr
2023-12-31 17:30:12,380 [INFO] PluginManage:359 - Loaded plugin ddr (category:tool,tabindex:6)
2023-12-31 17:30:12,380 [INFO] PluginManage:310 - Check plugin filemanager
2023-12-31 17:30:12,533 [INFO] PluginManage:359 - Loaded plugin filemanager (category:base,tabindex:10)
2023-12-31 17:30:12,533 [INFO] PluginManage:310 - Check plugin ipmanager
2023-12-31 17:30:12,543 [INFO] PluginManage:359 - Loaded plugin ipmanager (category:base,tabindex:5)
2023-12-31 17:30:12,544 [INFO] PluginManage:310 - Check plugin lpbam
2023-12-31 17:30:12,552 [INFO] PluginManage:359 - Loaded plugin lpbam (category:base,tabindex:0)
2023-12-31 17:30:12,552 [INFO] PluginManage:310 - Check plugin memorymap
2023-12-31 17:30:12,569 [INFO] PluginManage:359 - Loaded plugin memorymap (category:base,tabindex:4)
2023-12-31 17:30:12,569 [INFO] PluginManage:310 - Check plugin pinoutandconfiguration
2023-12-31 17:30:12,580 [INFO] PluginManage:359 - Loaded plugin pinoutandconfiguration (category:base,tabindex:1)
2023-12-31 17:30:12,580 [INFO] PluginManage:310 - Check plugin pinoutconfig
2023-12-31 17:30:12,679 [WARN] SupportedApi:132 - Cannot load RTOS API schema: s4s-elt-must-match.1: The content of 'definitions' must match (annotation?, (simpleType | complexType)?, (unique | key | keyref)*)). A problem was found starting at: attribute.
2023-12-31 17:30:12,812 [INFO] PluginManage:359 - Loaded plugin pinoutconfig (category:base,tabindex:0)
2023-12-31 17:30:12,812 [INFO] PluginManage:310 - Check plugin power
2023-12-31 17:30:12,825 [INFO] PluginManage:359 - Loaded plugin power (category:power,tabindex:4)
2023-12-31 17:30:12,826 [INFO] PluginManage:310 - Check plugin projectmanager
2023-12-31 17:30:12,843 [INFO] PluginManage:359 - Loaded plugin projectmanager (category:projectmanager,tabindex:3)
2023-12-31 17:30:12,843 [INFO] PluginManage:310 - Check plugin thirdparty
2023-12-31 17:30:12,990 [INFO] PluginManage:359 - Loaded plugin thirdparty (category:base,tabindex:-1)
2023-12-31 17:30:12,990 [WARN] IntegrityCheckThread:84 - waiting for thirdparty lock release [integrity check]
2023-12-31 17:30:12,991 [INFO] PluginManage:310 - Check plugin tools
2023-12-31 17:30:12,991 [INFO] IntegrityCheckThread:86 - entering critical section [integrity check]
2023-12-31 17:30:12,991 [INFO] ThirdPartyUpdaterWithRetryManager:70 - Updater plugin not ready yet. [1/15]
2023-12-31 17:30:12,994 [INFO] PluginManage:359 - Loaded plugin tools (category:base,tabindex:7)
2023-12-31 17:30:12,994 [INFO] PluginManage:310 - Check plugin tutovideos
2023-12-31 17:30:13,193 [INFO] PluginManage:359 - Loaded plugin tutovideos (category:base,tabindex:-1)
2023-12-31 17:30:13,193 [INFO] PluginManage:310 - Check plugin updater
2023-12-31 17:30:13,206 [INFO] PluginManage:359 - Loaded plugin updater (category:base,tabindex:12)
2023-12-31 17:30:13,206 [INFO] PluginManage:310 - Check plugin userauth
2023-12-31 17:30:13,212 [INFO] UserAuth:114 - Init User Auth plugin
2023-12-31 17:30:13,212 [INFO] PluginManage:359 - Loaded plugin userauth (category:base,tabindex:14)
2023-12-31 17:30:13,213 [INFO] PluginManage:283 - PluginManage : Loaded plugins [17]
2023-12-31 17:30:13,474 [INFO] PinOutPanel:1499 - setPackage(No Configuration,No Configuration)
2023-12-31 17:30:13,552 [INFO] CADModel:165 - CPN selected for project level
2023-12-31 17:30:13,552 [INFO] CADModel:114 - Register for checkConnection events
2023-12-31 17:30:13,577 [INFO] IPUIPlugin:80 - create IPUIPlugin
2023-12-31 17:30:13,578 [INFO] PluginManager:220 - loadIPPluginJar : add adc
2023-12-31 17:30:13,581 [INFO] IPUIPlugin:80 - create IPUIPlugin
2023-12-31 17:30:13,581 [INFO] PluginManager:220 - loadIPPluginJar : add aes
2023-12-31 17:30:13,583 [INFO] IPUIPlugin:80 - create IPUIPlugin
2023-12-31 17:30:13,583 [INFO] PluginManager:220 - loadIPPluginJar : add can
2023-12-31 17:30:13,584 [INFO] IPUIPlugin:80 - create IPUIPlugin
2023-12-31 17:30:13,585 [INFO] PluginManager:220 - loadIPPluginJar : add comp
2023-12-31 17:30:13,588 [INFO] IPUIPlugin:80 - create IPUIPlugin
2023-12-31 17:30:13,588 [INFO] PluginManager:220 - loadIPPluginJar : add cryp
2023-12-31 17:30:13,591 [INFO] IPUIPlugin:80 - create IPUIPlugin
2023-12-31 17:30:13,592 [INFO] PluginManager:220 - loadIPPluginJar : add dfsdm
2023-12-31 17:30:13,598 [INFO] IPUIPlugin:80 - create IPUIPlugin
2023-12-31 17:30:13,598 [INFO] PluginManager:220 - loadIPPluginJar : add dma
2023-12-31 17:30:13,601 [INFO] IPUIPlugin:80 - create IPUIPlugin
2023-12-31 17:30:13,601 [INFO] PluginManager:220 - loadIPPluginJar : add dma3
2023-12-31 17:30:13,603 [INFO] IPUIPlugin:80 - create IPUIPlugin
2023-12-31 17:30:13,603 [INFO] PluginManager:220 - loadIPPluginJar : add fatfs
2023-12-31 17:30:13,606 [INFO] IPUIPlugin:80 - create IPUIPlugin
2023-12-31 17:30:13,607 [INFO] PluginManager:220 - loadIPPluginJar : add fmc
2023-12-31 17:30:13,611 [INFO] IPUIPlugin:80 - create IPUIPlugin
2023-12-31 17:30:13,611 [INFO] PluginManager:220 - loadIPPluginJar : add freertos
2023-12-31 17:30:13,612 [INFO] IPUIPlugin:80 - create IPUIPlugin
2023-12-31 17:30:13,612 [INFO] PluginManager:220 - loadIPPluginJar : add genericplugin
2023-12-31 17:30:13,614 [INFO] IPUIPlugin:80 - create IPUIPlugin
2023-12-31 17:30:13,614 [INFO] PluginManager:220 - loadIPPluginJar : add gfxmmu
2023-12-31 17:30:13,618 [INFO] IPUIPlugin:80 - create IPUIPlugin
2023-12-31 17:30:13,619 [INFO] PluginManager:220 - loadIPPluginJar : add gic
2023-12-31 17:30:13,623 [INFO] IPUIPlugin:80 - create IPUIPlugin
2023-12-31 17:30:13,623 [INFO] PluginManager:220 - loadIPPluginJar : add gpio
2023-12-31 17:30:13,625 [INFO] IPUIPlugin:80 - create IPUIPlugin
2023-12-31 17:30:13,625 [INFO] PluginManager:220 - loadIPPluginJar : add gtzc
2023-12-31 17:30:13,627 [INFO] IPUIPlugin:80 - create IPUIPlugin
2023-12-31 17:30:13,627 [INFO] PluginManager:220 - loadIPPluginJar : add hash
2023-12-31 17:30:13,630 [INFO] IPUIPlugin:80 - create IPUIPlugin
2023-12-31 17:30:13,630 [INFO] PluginManager:220 - loadIPPluginJar : add i2c
2023-12-31 17:30:13,633 [INFO] IPUIPlugin:80 - create IPUIPlugin
2023-12-31 17:30:13,633 [INFO] PluginManager:220 - loadIPPluginJar : add i2s
2023-12-31 17:30:13,636 [INFO] IPUIPlugin:80 - create IPUIPlugin
2023-12-31 17:30:13,636 [INFO] PluginManager:220 - loadIPPluginJar : add i3c
2023-12-31 17:30:13,639 [INFO] IPUIPlugin:80 - create IPUIPlugin
2023-12-31 17:30:13,639 [INFO] PluginManager:220 - loadIPPluginJar : add ipddr
2023-12-31 17:30:13,646 [INFO] IPUIPlugin:80 - create IPUIPlugin
2023-12-31 17:30:13,646 [INFO] PluginManager:220 - loadIPPluginJar : add linkedlist
2023-12-31 17:30:13,649 [INFO] IPUIPlugin:80 - create IPUIPlugin
2023-12-31 17:30:13,650 [INFO] PluginManager:220 - loadIPPluginJar : add lorawan
2023-12-31 17:30:13,651 [INFO] IPUIPlugin:80 - create IPUIPlugin
2023-12-31 17:30:13,652 [INFO] PluginManager:220 - loadIPPluginJar : add ltdc
2023-12-31 17:30:13,659 [INFO] IPUIPlugin:80 - create IPUIPlugin
2023-12-31 17:30:13,659 [INFO] PluginManager:220 - loadIPPluginJar : add mdma
2023-12-31 17:30:13,664 [INFO] IPUIPlugin:80 - create IPUIPlugin
2023-12-31 17:30:13,664 [INFO] PluginManager:220 - loadIPPluginJar : add nvic
2023-12-31 17:30:13,666 [INFO] IPUIPlugin:80 - create IPUIPlugin
2023-12-31 17:30:13,667 [INFO] PluginManager:220 - loadIPPluginJar : add opamp
2023-12-31 17:30:13,670 [INFO] IPUIPlugin:80 - create IPUIPlugin
2023-12-31 17:30:13,670 [INFO] PluginManager:220 - loadIPPluginJar : add openamp
2023-12-31 17:30:13,673 [INFO] IPUIPlugin:80 - create IPUIPlugin
2023-12-31 17:30:13,674 [INFO] PluginManager:220 - loadIPPluginJar : add pdm2pcm
2023-12-31 17:30:13,680 [INFO] IPUIPlugin:80 - create IPUIPlugin
2023-12-31 17:30:13,682 [INFO] PluginManager:220 - loadIPPluginJar : add plateformsettings
2023-12-31 17:30:13,684 [INFO] IPUIPlugin:80 - create IPUIPlugin
2023-12-31 17:30:13,684 [INFO] PluginManager:220 - loadIPPluginJar : add quadspi
2023-12-31 17:30:13,688 [INFO] IPUIPlugin:80 - create IPUIPlugin
2023-12-31 17:30:13,689 [INFO] PluginManager:220 - loadIPPluginJar : add resmgrutility
2023-12-31 17:30:13,691 [INFO] IPUIPlugin:80 - create IPUIPlugin
2023-12-31 17:30:13,692 [INFO] PluginManager:220 - loadIPPluginJar : add sai
2023-12-31 17:30:13,695 [INFO] IPUIPlugin:80 - create IPUIPlugin
2023-12-31 17:30:13,695 [INFO] PluginManager:220 - loadIPPluginJar : add spi
2023-12-31 17:30:13,700 [INFO] IPUIPlugin:80 - create IPUIPlugin
2023-12-31 17:30:13,700 [INFO] PluginManager:220 - loadIPPluginJar : add stm32_wpan
2023-12-31 17:30:13,702 [INFO] IPUIPlugin:80 - create IPUIPlugin
2023-12-31 17:30:13,702 [INFO] PluginManager:220 - loadIPPluginJar : add tim
2023-12-31 17:30:13,705 [INFO] IPUIPlugin:80 - create IPUIPlugin
2023-12-31 17:30:13,706 [INFO] PluginManager:220 - loadIPPluginJar : add touchsensing
2023-12-31 17:30:13,708 [INFO] IPUIPlugin:80 - create IPUIPlugin
2023-12-31 17:30:13,708 [INFO] PluginManager:220 - loadIPPluginJar : add tracer_emb
2023-12-31 17:30:13,709 [INFO] IPUIPlugin:80 - create IPUIPlugin
2023-12-31 17:30:13,710 [INFO] PluginManager:220 - loadIPPluginJar : add ts
2023-12-31 17:30:13,710 [INFO] IPUIPlugin:80 - create IPUIPlugin
2023-12-31 17:30:13,710 [INFO] PluginManager:220 - loadIPPluginJar : add tsc
2023-12-31 17:30:13,712 [INFO] IPUIPlugin:80 - create IPUIPlugin
2023-12-31 17:30:13,713 [INFO] PluginManager:220 - loadIPPluginJar : add ucpd
2023-12-31 17:30:13,714 [INFO] IPUIPlugin:80 - create IPUIPlugin
2023-12-31 17:30:13,714 [INFO] PluginManager:220 - loadIPPluginJar : add usart
2023-12-31 17:30:13,717 [INFO] IPUIPlugin:80 - create IPUIPlugin
2023-12-31 17:30:13,717 [INFO] PluginManager:220 - loadIPPluginJar : add usbx
2023-12-31 17:30:13,858 [INFO] CADModel:165 - CPN selected for project level
2023-12-31 17:30:13,859 [INFO] CADModel:114 - Register for checkConnection events
2023-12-31 17:30:13,859 [FATAL] Updater:308 - Updater called before beeing initialized
2023-12-31 17:30:13,859 [ERROR] CADModel:125 - Updater not yet initialized, retry later 
2023-12-31 17:30:14,024 [INFO] CADModel:165 - CPN selected for project level
2023-12-31 17:30:14,024 [INFO] CADModel:114 - Register for checkConnection events
2023-12-31 17:30:14,025 [FATAL] Updater:308 - Updater called before beeing initialized
2023-12-31 17:30:14,025 [ERROR] CADModel:125 - Updater not yet initialized, retry later 
2023-12-31 17:30:14,028 [FATAL] Updater:308 - Updater called before beeing initialized
2023-12-31 17:30:14,144 [FATAL] Updater:308 - Updater called before beeing initialized
2023-12-31 17:30:14,147 [INFO] DbMcusAds:53 - JSON generation date=Wed Nov 29 13:52:38 TRT 2023 (1701255158764)
2023-12-31 17:30:14,147 [FATAL] Updater:308 - Updater called before beeing initialized
2023-12-31 17:30:14,196 [WARN] DetailPanel:346 - Failed to get advertising image, set to default
2023-12-31 17:30:14,294 [FATAL] Updater:308 - Updater called before beeing initialized
2023-12-31 17:30:14,296 [FATAL] Updater:308 - Updater called before beeing initialized
2023-12-31 17:30:14,296 [FATAL] Updater:308 - Updater called before beeing initialized
2023-12-31 17:30:14,296 [WARN] DetailPanel:346 - Failed to get advertising image, set to default
2023-12-31 17:30:14,296 [FATAL] Updater:308 - Updater called before beeing initialized
2023-12-31 17:30:14,355 [ERROR] Updater:1120 - MainUpdater not yet initialized. External WinMGr cannot be set.
2023-12-31 17:30:14,359 [INFO] Updater:1056 - Updater Version found : 6.10.0
2023-12-31 17:30:14,381 [INFO] ApplicationProperties:184 - Using Application install path: C:\ST\STM32CubeIDE_1.14.0\STM32CubeIDE\plugins\com.st.stm32cube.common.mx_6.10.0.202311202037
2023-12-31 17:30:15,968 [ERROR] LogOutputStream:75 - [STDERR_REDIRECT] Dec 31, 2023 5:30:15 PM java.util.prefs.WindowsPreferences <init>
2023-12-31 17:30:15,970 [ERROR] LogOutputStream:75 - [STDERR_REDIRECT] WARNING: Could not open/create prefs root node Software\JavaSoft\Prefs at root 0xffffffff80000002. Windows RegCreateKeyEx(...) returned error code 5.
2023-12-31 17:30:15,970 [ERROR] LogOutputStream:75 - [STDERR_REDIRECT] 
2023-12-31 17:30:15,992 [INFO] ThirdPartyUpdaterWithRetryManager:70 - Updater plugin not ready yet. [2/15]
2023-12-31 17:30:16,430 [INFO] MainUpdater:2873 - connection check result : 10
2023-12-31 17:30:16,431 [INFO] MainUpdater:290 - Updater Check For Update Now.
2023-12-31 17:30:16,431 [INFO] MicroXplorer:498 - Change Database Version : DB.6.0.100
2023-12-31 17:30:16,448 [INFO] McuFinderGlobals:63 - Set McuFinder mode to 2 (CubeIDE integrated)
2023-12-31 17:30:16,608 [INFO] CheckServerUpdateThread:120 - End of CheckServer Thread
2023-12-31 17:30:16,907 [INFO] UserAuth:404 - Internet connection configuration mode: 1
2023-12-31 17:30:16,936 [INFO] JxBrowserEngine:152 - Initiate JxBrowser Engine with user profile folder
2023-12-31 17:30:18,236 [INFO] WebApp:161 - Instantiating new browser for Auth
2023-12-31 17:30:18,884 [INFO] WebApp:780 - Register for checkConnection events
2023-12-31 17:30:18,884 [INFO] WebApp:414 - Apply proxy settings
2023-12-31 17:30:18,884 [INFO] WebApp:499 - Chromium requires no authentication
2023-12-31 17:30:18,892 [INFO] WebApp:442 - Direct internet connection detected
2023-12-31 17:30:19,111 [INFO] WebApp:192 - Starting web application
2023-12-31 17:30:19,111 [INFO] WebApp:544 - Web application path used C:\ST\STM32CubeIDE_1.14.0\STM32CubeIDE\plugins\com.st.stm32cube.common.mx_6.10.0.202311202037\db\plugins\mcufinder\reactClient1\index.html
2023-12-31 17:30:19,170 [WARN] PackLoader:240 - Cannot read IP mode file for STMicroelectronics.X-CUBE-SMBUS.2.1.0
2023-12-31 17:30:19,179 [WARN] PackLoader:240 - Cannot read IP mode file for STMicroelectronics.X-CUBE-TOUCHGFX.4.23.0
2023-12-31 17:30:19,221 [WARN] PackLoader:240 - Cannot read IP mode file for STMicroelectronics.X-CUBE-AZRTOS-F7.1.1.0
2023-12-31 17:30:19,236 [WARN] PackLoader:240 - Cannot read IP mode file for STMicroelectronics.FP-SNS-MOTENV1.4.3.2
2023-12-31 17:30:19,247 [WARN] PackLoader:240 - Cannot read IP mode file for STMicroelectronics.FP-SNS-FLIGHT1.5.0.2
2023-12-31 17:30:19,288 [WARN] PackLoader:240 - Cannot read IP mode file for STMicroelectronics.X-CUBE-DISPLAY.3.0.0
2023-12-31 17:30:19,309 [WARN] PackLoader:240 - Cannot read IP mode file for STMicroelectronics.X-CUBE-BLE1.7.0.0
2023-12-31 17:30:19,319 [WARN] PackLoader:240 - Cannot read IP mode file for emotas.I-CUBE-CANOPEN.1.3.0
2023-12-31 17:30:19,327 [WARN] PackLoader:240 - Cannot read IP mode file for STMicroelectronics.X-CUBE-TOUCHGFX.4.22.1
2023-12-31 17:30:19,357 [INFO] LogOutputStream:77 - [STDOUT_REDIRECT] 1 : Invalid condition id : UX_CORESTACK_Condition cause : null
2023-12-31 17:30:19,357 [INFO] LogOutputStream:77 - [STDOUT_REDIRECT] 1 : Invalid condition id : UX_CORESTACK_Condition cause : null
2023-12-31 17:30:19,358 [INFO] LogOutputStream:77 - [STDOUT_REDIRECT] 1 : Invalid condition id : UX_CORESTACK_Condition cause : null
2023-12-31 17:30:19,360 [INFO] LogOutputStream:77 - [STDOUT_REDIRECT] 1 : Invalid condition id : UX_CORESTACK_Condition cause : null
2023-12-31 17:30:19,361 [INFO] LogOutputStream:77 - [STDOUT_REDIRECT] 1 : Invalid condition id : UX_CORESTACK_Condition cause : null
2023-12-31 17:30:19,366 [WARN] PackLoader:240 - Cannot read IP mode file for STMicroelectronics.X-CUBE-AZRTOS-WL.2.0.0
2023-12-31 17:30:19,377 [WARN] PackLoader:240 - Cannot read IP mode file for WES.I-CUBE-Cesium.1.3.0
2023-12-31 17:30:19,383 [WARN] PackLoader:240 - Cannot read IP mode file for STMicroelectronics.X-CUBE-BLE2.3.3.0
2023-12-31 17:30:19,398 [WARN] PackLoader:240 - Cannot read IP mode file for STMicroelectronics.X-CUBE-ALGOBUILD.1.3.0
2023-12-31 17:30:19,419 [WARN] PackLoader:240 - Cannot read IP mode file for STMicroelectronics.X-CUBE-AZRTOS-G0.1.1.0
2023-12-31 17:30:19,427 [WARN] PackLoader:240 - Cannot read IP mode file for STMicroelectronics.X-CUBE-NFC4.3.0.0
2023-12-31 17:30:19,439 [WARN] PackLoader:240 - Cannot read IP mode file for STMicroelectronics.X-CUBE-BLEMGR.3.0.0
2023-12-31 17:30:19,446 [WARN] PackLoader:240 - Cannot read IP mode file for STMicroelectronics.FP-ATR-SIGFOX1.3.2.0
2023-12-31 17:30:19,479 [WARN] PackLoader:240 - Cannot read IP mode file for SEGGER.I-CUBE-embOS.1.3.1
2023-12-31 17:30:19,526 [WARN] PackLoader:240 - Cannot read IP mode file for STMicroelectronics.X-CUBE-GNSS1.6.0.0
2023-12-31 17:30:19,542 [WARN] PackLoader:240 - Cannot read IP mode file for STMicroelectronics.X-CUBE-AZRTOS-F4.1.1.0
2023-12-31 17:30:19,551 [WARN] PackLoader:240 - Cannot read IP mode file for wolfSSL.I-CUBE-wolfSSL.5.6.3
2023-12-31 17:30:19,567 [WARN] PackLoader:240 - Cannot read IP mode file for STMicroelectronics.X-CUBE-AZRTOS-L5.2.0.0
2023-12-31 17:30:19,621 [WARN] PackLoader:240 - Cannot read IP mode file for STMicroelectronics.X-CUBE-MEMS1.9.6.0
2023-12-31 17:30:19,776 [WARN] PackLoader:240 - Cannot read IP mode file for STMicroelectronics.X-CUBE-EEPRMA1.4.2.0
2023-12-31 17:30:19,780 [WARN] PackLoader:240 - Cannot read IP mode file for ITTIA_DB.I-CUBE-ITTIADB.8.8.0
2023-12-31 17:30:19,787 [WARN] PackLoader:240 - Cannot read IP mode file for STMicroelectronics.X-CUBE-BLEMGR.2.0.0
2023-12-31 17:30:19,801 [WARN] ConditionMgr:438 - getConditionDescription Invalid condition id : UX DEVICE CLASS RTOS Condition cause : null
2023-12-31 17:30:19,801 [WARN] ConditionMgr:438 - getConditionDescription Invalid condition id : UX DEVICE CLASS RTOS Condition cause : null
2023-12-31 17:30:19,803 [WARN] PackLoader:240 - Cannot read IP mode file for STMicroelectronics.X-CUBE-AZRTOS-H7.3.1.0
2023-12-31 17:30:19,804 [WARN] ConditionMgr:1039 - genDependencies : Invalid condition id : UX DEVICE CLASS RTOS Condition cause : null
2023-12-31 17:30:19,804 [WARN] ConditionMgr:1039 - genDependencies : Invalid condition id : UX DEVICE CLASS RTOS Condition cause : null
2023-12-31 17:30:19,804 [WARN] ConditionMgr:1039 - genDependencies : Invalid condition id : UX DEVICE CLASS RTOS Condition cause : null
2023-12-31 17:30:19,805 [WARN] ConditionMgr:1039 - genDependencies : Invalid condition id : UX DEVICE CLASS RTOS Condition cause : null
2023-12-31 17:30:19,805 [WARN] ConditionMgr:1039 - genDependencies : Invalid condition id : UX DEVICE CLASS RTOS Condition cause : null
2023-12-31 17:30:19,810 [WARN] PackLoader:240 - Cannot read IP mode file for STMicroelectronics.X-CUBE-NFC7.1.0.1
2023-12-31 17:30:19,814 [WARN] PackLoader:240 - Cannot read IP mode file for STMicroelectronics.X-CUBE-EEPRMA1.4.1.0
2023-12-31 17:30:19,818 [WARN] PackLoader:240 - Cannot read IP mode file for STMicroelectronics.X-CUBE-AI.8.1.0
2023-12-31 17:30:19,833 [WARN] ConditionMgr:438 - getConditionDescription Invalid condition id : LAN8742 Phy interface Condition cause : null
2023-12-31 17:30:19,834 [WARN] PackLoader:240 - Cannot read IP mode file for STMicroelectronics.X-CUBE-AZRTOS-L4.2.0.0
2023-12-31 17:30:19,835 [WARN] ConditionMgr:1039 - genDependencies : Invalid condition id : LAN8742 Phy interface Condition cause : null
2023-12-31 17:30:19,835 [WARN] ConditionMgr:1039 - genDependencies : Invalid condition id : LAN8742 Phy interface Condition cause : null
2023-12-31 17:30:19,836 [WARN] ConditionMgr:1039 - genDependencies : Invalid condition id : LAN8742 Phy interface Condition cause : null
2023-12-31 17:30:19,841 [WARN] PackLoader:240 - Cannot read IP mode file for STMicroelectronics.X-CUBE-SFXS2LP1.4.0.0
2023-12-31 17:30:19,847 [WARN] PackLoader:240 - Cannot read IP mode file for STMicroelectronics.X-CUBE-ISPU.1.1.0
2023-12-31 17:30:19,874 [WARN] ConditionMgr:438 - getConditionDescription Invalid condition id : UX DEVICE CLASS RTOS Condition cause : null
2023-12-31 17:30:19,875 [WARN] ConditionMgr:438 - getConditionDescription Invalid condition id : UX DEVICE CLASS RTOS Condition cause : null
2023-12-31 17:30:19,876 [WARN] PackLoader:240 - Cannot read IP mode file for STMicroelectronics.X-CUBE-AZRTOS-WB.2.0.0
2023-12-31 17:30:19,876 [WARN] ConditionMgr:1039 - genDependencies : Invalid condition id : UX DEVICE CLASS RTOS Condition cause : null
2023-12-31 17:30:19,876 [WARN] ConditionMgr:1039 - genDependencies : Invalid condition id : UX DEVICE CLASS RTOS Condition cause : null
2023-12-31 17:30:19,876 [WARN] ConditionMgr:1039 - genDependencies : Invalid condition id : UX DEVICE CLASS RTOS Condition cause : null
2023-12-31 17:30:19,877 [WARN] ConditionMgr:1039 - genDependencies : Invalid condition id : UX DEVICE CLASS RTOS Condition cause : null
2023-12-31 17:30:19,877 [WARN] ConditionMgr:1039 - genDependencies : Invalid condition id : UX DEVICE CLASS RTOS Condition cause : null
2023-12-31 17:30:19,884 [WARN] PackLoader:240 - Cannot read IP mode file for STMicroelectronics.X-CUBE-SUBG2.5.0.0
2023-12-31 17:30:19,897 [WARN] PackLoader:240 - Cannot read IP mode file for STMicroelectronics.X-CUBE-TOF1.3.3.1
2023-12-31 17:30:19,914 [WARN] PackLoader:240 - Cannot read IP mode file for STMicroelectronics.X-CUBE-AZRTOS-G4.2.0.0
2023-12-31 17:30:19,923 [WARN] PackLoader:240 - Cannot read IP mode file for Infineon.AIROC-Wi-Fi-Bluetooth-STM32.1.5.1
2023-12-31 17:30:19,929 [WARN] PackLoader:240 - Cannot read IP mode file for STMicroelectronics.FP-SNS-MOTENVWB1.1.3.0
2023-12-31 17:30:19,933 [WARN] PackLoader:240 - Cannot read IP mode file for STMicroelectronics.FP-SNS-MOTENVWB1.1.3.1
2023-12-31 17:30:19,936 [WARN] PackLoader:240 - Cannot read IP mode file for STMicroelectronics.X-CUBE-ISPU.2.0.0
2023-12-31 17:30:19,972 [WARN] PackLoader:240 - Cannot read IP mode file for STMicroelectronics.X-CUBE-MEMS1.10.0.0
2023-12-31 17:30:20,103 [WARN] PackLoader:240 - Cannot read IP mode file for STMicroelectronics.X-CUBE-FREERTOS.1.1.0
2023-12-31 17:30:20,110 [WARN] PackLoader:240 - Cannot read IP mode file for portGmbH.I-Cube-SoM-uGOAL.1.1.0
2023-12-31 17:30:20,116 [WARN] PackLoader:240 - Cannot read IP mode file for STMicroelectronics.X-CUBE-ALS.1.0.1
2023-12-31 17:30:20,122 [WARN] PackLoader:240 - Cannot read IP mode file for STMicroelectronics.FP-ATR-ASTRA1.2.0.0
2023-12-31 17:30:20,135 [WARN] PackLoader:240 - Cannot read IP mode file for STMicroelectronics.X-CUBE-TOF1.3.4.0
2023-12-31 17:30:20,164 [WARN] PackLoader:240 - Cannot read IP mode file for STMicroelectronics.X-CUBE-AZRTOS-H7.3.2.0
2023-12-31 17:30:20,169 [INFO] ThirdParty:978 - Integrity check success = true
2023-12-31 17:30:20,169 [INFO] IntegrityCheckThread:100 - exiting critical section [integrity check]
2023-12-31 17:30:20,170 [INFO] IntegrityCheckThread:103 - End integrity checks thread
2023-12-31 17:30:39,754 [ERROR] LogOutputStream:75 - [STDERR_REDIRECT] SLF4J: Failed to load class "org.slf4j.impl.StaticLoggerBinder".
2023-12-31 17:30:39,755 [ERROR] LogOutputStream:75 - [STDERR_REDIRECT] SLF4J: Defaulting to no-operation (NOP) logger implementation
2023-12-31 17:30:39,756 [ERROR] LogOutputStream:75 - [STDERR_REDIRECT] SLF4J: See http://www.slf4j.org/codes.html#StaticLoggerBinder for further details.
2023-12-31 18:23:42,137 [ERROR] LogOutputStream:75 - [STDERR_REDIRECT] 
2023-12-31 18:23:42,139 [ERROR] LogOutputStream:75 - [STDERR_REDIRECT] 
2023-12-31 18:50:09,479 [INFO] Activator:176 - 


2023-12-31 18:50:09,494 [INFO] Activator:177 - !SESSION log4j initialized
2023-12-31 18:50:13,513 [INFO] LogOutputStream:77 - [STDOUT_REDIRECT] 
2023-12-31 18:50:22,455 [INFO] ApplicationProperties:184 - Using Application install path: C:\ST\STM32CubeIDE_1.14.0\STM32CubeIDE\plugins\com.st.stm32cube.common.mx_6.10.0.202311202037
2023-12-31 18:50:22,477 [INFO] DbMcusXml:78 - Set database path to: C:\ST\STM32CubeIDE_1.14.0\STM32CubeIDE\plugins\com.st.stm32cube.common.mx_6.10.0.202311202037\\db\/mcu/
2023-12-31 18:50:22,478 [INFO] ApiDb:274 - Set plugin database path to: C:\ST\STM32CubeIDE_1.14.0\STM32CubeIDE\plugins\com.st.stm32cube.common.mx_6.10.0.202311202037\\db\/plugins/boardmanager/
2023-12-31 18:50:22,478 [WARN] ApiDb:259 - Overriding images path with different value:  => C:\ST\STM32CubeIDE_1.14.0\STM32CubeIDE\plugins\com.st.stm32cube.common.mx_6.10.0.202311202037\\db\/plugins/mcufinder/images/
2023-12-31 18:50:22,488 [INFO] ApiDb:250 - Set database path to: C:\Users\Kaan\.stmcufinder\plugins\mcufinder//mcu/
2023-12-31 18:50:22,490 [INFO] DbMcusAds:125 - Set database path to: C:\Users\Kaan\.stmcufinder\plugins\mcufinder//mcu/
2023-12-31 18:50:22,493 [INFO] CrossReferenceDbSqlite:203 - Set database path to: C:\Users\Kaan\.stmcufinder\plugins\mcufinder//mcu/cs/
2023-12-31 18:50:22,641 [INFO] RulesReader:64 - Compatibility file has been processed (297 Rules)
2023-12-31 18:50:22,753 [INFO] DbMcusXml:78 - Set database path to: C:\ST\STM32CubeIDE_1.14.0\STM32CubeIDE\plugins\com.st.stm32cube.common.mx_6.10.0.202311202037\\db\/mcu/
2023-12-31 18:50:22,753 [INFO] ApiDb:274 - Set plugin database path to: C:\ST\STM32CubeIDE_1.14.0\STM32CubeIDE\plugins\com.st.stm32cube.common.mx_6.10.0.202311202037\\db\/plugins/boardmanager/
2023-12-31 18:50:22,753 [INFO] ApiDb:261 - Set plugin images path to: C:\ST\STM32CubeIDE_1.14.0\STM32CubeIDE\plugins\com.st.stm32cube.common.mx_6.10.0.202311202037\\db\/plugins/mcufinder/images/
2023-12-31 18:50:22,753 [WARN] DbFile:41 - Overriding database path with different value: C:\Users\Kaan\.stmcufinder\plugins\mcufinder/ => C:\Users\Kaan\.stmcufinder\plugins\mcufinder
2023-12-31 18:50:22,754 [INFO] ApiDb:250 - Set database path to: C:\Users\Kaan\.stmcufinder\plugins\mcufinder//mcu/
2023-12-31 18:50:22,754 [WARN] DbFile:41 - Overriding database path with different value: C:\Users\Kaan\.stmcufinder\plugins\mcufinder/ => C:\Users\Kaan\.stmcufinder\plugins\mcufinder
2023-12-31 18:50:22,754 [INFO] DbMcusAds:125 - Set database path to: C:\Users\Kaan\.stmcufinder\plugins\mcufinder//mcu/
2023-12-31 18:50:22,754 [WARN] DbFile:41 - Overriding database path with different value: C:\Users\Kaan\.stmcufinder\plugins\mcufinder/ => C:\Users\Kaan\.stmcufinder\plugins\mcufinder
2023-12-31 18:50:22,754 [WARN] DbFile:41 - Overriding database path with different value: C:\Users\Kaan\.stmcufinder\plugins\mcufinder/ => C:\Users\Kaan\.stmcufinder\plugins\mcufinder
2023-12-31 18:50:22,754 [INFO] CrossReferenceDbSqlite:203 - Set database path to: C:\Users\Kaan\.stmcufinder\plugins\mcufinder//mcu/cs/
2023-12-31 18:50:22,834 [INFO] MainPanel:264 - HeapMemory: 268435456
2023-12-31 18:50:22,922 [INFO] DbMcusXml:78 - Set database path to: C:\ST\STM32CubeIDE_1.14.0\STM32CubeIDE\plugins\com.st.stm32cube.common.mx_6.10.0.202311202037\\db\/mcu/
2023-12-31 18:50:22,923 [INFO] ApiDb:274 - Set plugin database path to: C:\ST\STM32CubeIDE_1.14.0\STM32CubeIDE\plugins\com.st.stm32cube.common.mx_6.10.0.202311202037\\db\/plugins/boardmanager/
2023-12-31 18:50:22,923 [INFO] ApiDb:261 - Set plugin images path to: C:\ST\STM32CubeIDE_1.14.0\STM32CubeIDE\plugins\com.st.stm32cube.common.mx_6.10.0.202311202037\\db\/plugins/mcufinder/images/
2023-12-31 18:50:22,923 [WARN] DbFile:41 - Overriding database path with different value: C:\Users\Kaan\.stmcufinder\plugins\mcufinder/ => C:\Users\Kaan\.stmcufinder\plugins\mcufinder
2023-12-31 18:50:22,924 [INFO] ApiDb:250 - Set database path to: C:\Users\Kaan\.stmcufinder\plugins\mcufinder//mcu/
2023-12-31 18:50:22,924 [WARN] DbFile:41 - Overriding database path with different value: C:\Users\Kaan\.stmcufinder\plugins\mcufinder/ => C:\Users\Kaan\.stmcufinder\plugins\mcufinder
2023-12-31 18:50:22,924 [INFO] DbMcusAds:125 - Set database path to: C:\Users\Kaan\.stmcufinder\plugins\mcufinder//mcu/
2023-12-31 18:50:22,924 [WARN] DbFile:41 - Overriding database path with different value: C:\Users\Kaan\.stmcufinder\plugins\mcufinder/ => C:\Users\Kaan\.stmcufinder\plugins\mcufinder
2023-12-31 18:50:22,924 [WARN] DbFile:41 - Overriding database path with different value: C:\Users\Kaan\.stmcufinder\plugins\mcufinder/ => C:\Users\Kaan\.stmcufinder\plugins\mcufinder
2023-12-31 18:50:22,924 [INFO] CrossReferenceDbSqlite:203 - Set database path to: C:\Users\Kaan\.stmcufinder\plugins\mcufinder//mcu/cs/
2023-12-31 18:50:22,944 [INFO] ApplicationProperties:184 - Using Application install path: C:\ST\STM32CubeIDE_1.14.0\STM32CubeIDE\plugins\com.st.stm32cube.common.mx_6.10.0.202311202037
2023-12-31 18:50:22,946 [INFO] PluginManage:196 - Search for loadable plugins [exclusion list=, ]
2023-12-31 18:50:22,947 [INFO] PluginManage:310 - Check plugin analytics
2023-12-31 18:50:23,146 [INFO] AnalyticsPlugin:253 - Accepted Software Licenses: 
2023-12-31 18:50:23,147 [INFO] AnalyticsPlugin:255 - Accepted CMSIS Pack Licenses: 
2023-12-31 18:50:23,147 [INFO] AnalyticsPlugin:257 - Accepted Firmware Licenses: FW.F4.1.27.0,FW.F4.1.28.0,FW.G0.1.6.0
2023-12-31 18:50:23,151 [INFO] PluginManage:359 - Loaded plugin analytics (category:tool,tabindex:-1)
2023-12-31 18:50:23,151 [INFO] PluginManage:310 - Check plugin cadmodel
2023-12-31 18:50:23,156 [INFO] CADModel:105 - Init CAD model plugin
2023-12-31 18:50:23,157 [INFO] PluginManage:359 - Loaded plugin cadmodel (category:power,tabindex:5)
2023-12-31 18:50:23,157 [INFO] PluginManage:310 - Check plugin clock
2023-12-31 18:50:23,168 [INFO] PluginManage:359 - Loaded plugin clock (category:base,tabindex:2)
2023-12-31 18:50:23,168 [INFO] PluginManage:310 - Check plugin ddr
2023-12-31 18:50:23,171 [INFO] PluginManage:359 - Loaded plugin ddr (category:tool,tabindex:6)
2023-12-31 18:50:23,171 [INFO] PluginManage:310 - Check plugin filemanager
2023-12-31 18:50:23,380 [INFO] PluginManage:359 - Loaded plugin filemanager (category:base,tabindex:10)
2023-12-31 18:50:23,381 [INFO] PluginManage:310 - Check plugin ipmanager
2023-12-31 18:50:23,391 [INFO] PluginManage:359 - Loaded plugin ipmanager (category:base,tabindex:5)
2023-12-31 18:50:23,391 [INFO] PluginManage:310 - Check plugin lpbam
2023-12-31 18:50:23,405 [INFO] PluginManage:359 - Loaded plugin lpbam (category:base,tabindex:0)
2023-12-31 18:50:23,406 [INFO] PluginManage:310 - Check plugin memorymap
2023-12-31 18:50:23,423 [INFO] PluginManage:359 - Loaded plugin memorymap (category:base,tabindex:4)
2023-12-31 18:50:23,423 [INFO] PluginManage:310 - Check plugin pinoutandconfiguration
2023-12-31 18:50:23,430 [INFO] PluginManage:359 - Loaded plugin pinoutandconfiguration (category:base,tabindex:1)
2023-12-31 18:50:23,430 [INFO] PluginManage:310 - Check plugin pinoutconfig
2023-12-31 18:50:23,543 [WARN] SupportedApi:132 - Cannot load RTOS API schema: s4s-elt-must-match.1: The content of 'definitions' must match (annotation?, (simpleType | complexType)?, (unique | key | keyref)*)). A problem was found starting at: attribute.
2023-12-31 18:50:23,708 [INFO] PluginManage:359 - Loaded plugin pinoutconfig (category:base,tabindex:0)
2023-12-31 18:50:23,708 [INFO] PluginManage:310 - Check plugin power
2023-12-31 18:50:23,720 [INFO] PluginManage:359 - Loaded plugin power (category:power,tabindex:4)
2023-12-31 18:50:23,720 [INFO] PluginManage:310 - Check plugin projectmanager
2023-12-31 18:50:23,739 [INFO] PluginManage:359 - Loaded plugin projectmanager (category:projectmanager,tabindex:3)
2023-12-31 18:50:23,739 [INFO] PluginManage:310 - Check plugin thirdparty
2023-12-31 18:50:23,890 [INFO] PluginManage:359 - Loaded plugin thirdparty (category:base,tabindex:-1)
2023-12-31 18:50:23,890 [WARN] IntegrityCheckThread:84 - waiting for thirdparty lock release [integrity check]
2023-12-31 18:50:23,890 [INFO] PluginManage:310 - Check plugin tools
2023-12-31 18:50:23,890 [INFO] IntegrityCheckThread:86 - entering critical section [integrity check]
2023-12-31 18:50:23,890 [INFO] ThirdPartyUpdaterWithRetryManager:70 - Updater plugin not ready yet. [1/15]
2023-12-31 18:50:23,893 [INFO] PluginManage:359 - Loaded plugin tools (category:base,tabindex:7)
2023-12-31 18:50:23,893 [INFO] PluginManage:310 - Check plugin tutovideos
2023-12-31 18:50:24,083 [INFO] PluginManage:359 - Loaded plugin tutovideos (category:base,tabindex:-1)
2023-12-31 18:50:24,083 [INFO] PluginManage:310 - Check plugin updater
2023-12-31 18:50:24,094 [INFO] PluginManage:359 - Loaded plugin updater (category:base,tabindex:12)
2023-12-31 18:50:24,094 [INFO] PluginManage:310 - Check plugin userauth
2023-12-31 18:50:24,100 [INFO] UserAuth:114 - Init User Auth plugin
2023-12-31 18:50:24,100 [INFO] PluginManage:359 - Loaded plugin userauth (category:base,tabindex:14)
2023-12-31 18:50:24,101 [INFO] PluginManage:283 - PluginManage : Loaded plugins [17]
2023-12-31 18:50:24,475 [INFO] PinOutPanel:1499 - setPackage(No Configuration,No Configuration)
2023-12-31 18:50:24,600 [INFO] CADModel:165 - CPN selected for project level
2023-12-31 18:50:24,600 [INFO] CADModel:114 - Register for checkConnection events
2023-12-31 18:50:24,636 [INFO] IPUIPlugin:80 - create IPUIPlugin
2023-12-31 18:50:24,637 [INFO] PluginManager:220 - loadIPPluginJar : add adc
2023-12-31 18:50:24,642 [INFO] IPUIPlugin:80 - create IPUIPlugin
2023-12-31 18:50:24,642 [INFO] PluginManager:220 - loadIPPluginJar : add aes
2023-12-31 18:50:24,646 [INFO] IPUIPlugin:80 - create IPUIPlugin
2023-12-31 18:50:24,647 [INFO] PluginManager:220 - loadIPPluginJar : add can
2023-12-31 18:50:24,649 [INFO] IPUIPlugin:80 - create IPUIPlugin
2023-12-31 18:50:24,650 [INFO] PluginManager:220 - loadIPPluginJar : add comp
2023-12-31 18:50:24,654 [INFO] IPUIPlugin:80 - create IPUIPlugin
2023-12-31 18:50:24,655 [INFO] PluginManager:220 - loadIPPluginJar : add cryp
2023-12-31 18:50:24,659 [INFO] IPUIPlugin:80 - create IPUIPlugin
2023-12-31 18:50:24,659 [INFO] PluginManager:220 - loadIPPluginJar : add dfsdm
2023-12-31 18:50:24,670 [INFO] IPUIPlugin:80 - create IPUIPlugin
2023-12-31 18:50:24,671 [INFO] PluginManager:220 - loadIPPluginJar : add dma
2023-12-31 18:50:24,677 [INFO] IPUIPlugin:80 - create IPUIPlugin
2023-12-31 18:50:24,677 [INFO] PluginManager:220 - loadIPPluginJar : add dma3
2023-12-31 18:50:24,680 [INFO] IPUIPlugin:80 - create IPUIPlugin
2023-12-31 18:50:24,680 [INFO] PluginManager:220 - loadIPPluginJar : add fatfs
2023-12-31 18:50:24,686 [INFO] IPUIPlugin:80 - create IPUIPlugin
2023-12-31 18:50:24,686 [INFO] PluginManager:220 - loadIPPluginJar : add fmc
2023-12-31 18:50:24,691 [INFO] IPUIPlugin:80 - create IPUIPlugin
2023-12-31 18:50:24,691 [INFO] PluginManager:220 - loadIPPluginJar : add freertos
2023-12-31 18:50:24,692 [INFO] IPUIPlugin:80 - create IPUIPlugin
2023-12-31 18:50:24,692 [INFO] PluginManager:220 - loadIPPluginJar : add genericplugin
2023-12-31 18:50:24,694 [INFO] IPUIPlugin:80 - create IPUIPlugin
2023-12-31 18:50:24,694 [INFO] PluginManager:220 - loadIPPluginJar : add gfxmmu
2023-12-31 18:50:24,699 [INFO] IPUIPlugin:80 - create IPUIPlugin
2023-12-31 18:50:24,699 [INFO] PluginManager:220 - loadIPPluginJar : add gic
2023-12-31 18:50:24,702 [INFO] IPUIPlugin:80 - create IPUIPlugin
2023-12-31 18:50:24,702 [INFO] PluginManager:220 - loadIPPluginJar : add gpio
2023-12-31 18:50:24,704 [INFO] IPUIPlugin:80 - create IPUIPlugin
2023-12-31 18:50:24,704 [INFO] PluginManager:220 - loadIPPluginJar : add gtzc
2023-12-31 18:50:24,707 [INFO] IPUIPlugin:80 - create IPUIPlugin
2023-12-31 18:50:24,707 [INFO] PluginManager:220 - loadIPPluginJar : add hash
2023-12-31 18:50:24,709 [INFO] IPUIPlugin:80 - create IPUIPlugin
2023-12-31 18:50:24,709 [INFO] PluginManager:220 - loadIPPluginJar : add i2c
2023-12-31 18:50:24,712 [INFO] IPUIPlugin:80 - create IPUIPlugin
2023-12-31 18:50:24,712 [INFO] PluginManager:220 - loadIPPluginJar : add i2s
2023-12-31 18:50:24,715 [INFO] IPUIPlugin:80 - create IPUIPlugin
2023-12-31 18:50:24,715 [INFO] PluginManager:220 - loadIPPluginJar : add i3c
2023-12-31 18:50:24,718 [INFO] IPUIPlugin:80 - create IPUIPlugin
2023-12-31 18:50:24,719 [INFO] PluginManager:220 - loadIPPluginJar : add ipddr
2023-12-31 18:50:24,725 [INFO] IPUIPlugin:80 - create IPUIPlugin
2023-12-31 18:50:24,726 [INFO] PluginManager:220 - loadIPPluginJar : add linkedlist
2023-12-31 18:50:24,728 [INFO] IPUIPlugin:80 - create IPUIPlugin
2023-12-31 18:50:24,729 [INFO] PluginManager:220 - loadIPPluginJar : add lorawan
2023-12-31 18:50:24,730 [INFO] IPUIPlugin:80 - create IPUIPlugin
2023-12-31 18:50:24,730 [INFO] PluginManager:220 - loadIPPluginJar : add ltdc
2023-12-31 18:50:24,737 [INFO] IPUIPlugin:80 - create IPUIPlugin
2023-12-31 18:50:24,737 [INFO] PluginManager:220 - loadIPPluginJar : add mdma
2023-12-31 18:50:24,740 [INFO] IPUIPlugin:80 - create IPUIPlugin
2023-12-31 18:50:24,741 [INFO] PluginManager:220 - loadIPPluginJar : add nvic
2023-12-31 18:50:24,744 [INFO] IPUIPlugin:80 - create IPUIPlugin
2023-12-31 18:50:24,744 [INFO] PluginManager:220 - loadIPPluginJar : add opamp
2023-12-31 18:50:24,747 [INFO] IPUIPlugin:80 - create IPUIPlugin
2023-12-31 18:50:24,747 [INFO] PluginManager:220 - loadIPPluginJar : add openamp
2023-12-31 18:50:24,751 [INFO] IPUIPlugin:80 - create IPUIPlugin
2023-12-31 18:50:24,751 [INFO] PluginManager:220 - loadIPPluginJar : add pdm2pcm
2023-12-31 18:50:24,758 [INFO] IPUIPlugin:80 - create IPUIPlugin
2023-12-31 18:50:24,760 [INFO] PluginManager:220 - loadIPPluginJar : add plateformsettings
2023-12-31 18:50:24,762 [INFO] IPUIPlugin:80 - create IPUIPlugin
2023-12-31 18:50:24,762 [INFO] PluginManager:220 - loadIPPluginJar : add quadspi
2023-12-31 18:50:24,765 [INFO] IPUIPlugin:80 - create IPUIPlugin
2023-12-31 18:50:24,765 [INFO] PluginManager:220 - loadIPPluginJar : add resmgrutility
2023-12-31 18:50:24,770 [INFO] IPUIPlugin:80 - create IPUIPlugin
2023-12-31 18:50:24,770 [INFO] PluginManager:220 - loadIPPluginJar : add sai
2023-12-31 18:50:24,773 [INFO] IPUIPlugin:80 - create IPUIPlugin
2023-12-31 18:50:24,773 [INFO] PluginManager:220 - loadIPPluginJar : add spi
2023-12-31 18:50:24,778 [INFO] IPUIPlugin:80 - create IPUIPlugin
2023-12-31 18:50:24,778 [INFO] PluginManager:220 - loadIPPluginJar : add stm32_wpan
2023-12-31 18:50:24,780 [INFO] IPUIPlugin:80 - create IPUIPlugin
2023-12-31 18:50:24,780 [INFO] PluginManager:220 - loadIPPluginJar : add tim
2023-12-31 18:50:24,783 [INFO] IPUIPlugin:80 - create IPUIPlugin
2023-12-31 18:50:24,784 [INFO] PluginManager:220 - loadIPPluginJar : add touchsensing
2023-12-31 18:50:24,786 [INFO] IPUIPlugin:80 - create IPUIPlugin
2023-12-31 18:50:24,786 [INFO] PluginManager:220 - loadIPPluginJar : add tracer_emb
2023-12-31 18:50:24,788 [INFO] IPUIPlugin:80 - create IPUIPlugin
2023-12-31 18:50:24,788 [INFO] PluginManager:220 - loadIPPluginJar : add ts
2023-12-31 18:50:24,789 [INFO] IPUIPlugin:80 - create IPUIPlugin
2023-12-31 18:50:24,790 [INFO] PluginManager:220 - loadIPPluginJar : add tsc
2023-12-31 18:50:24,791 [INFO] IPUIPlugin:80 - create IPUIPlugin
2023-12-31 18:50:24,791 [INFO] PluginManager:220 - loadIPPluginJar : add ucpd
2023-12-31 18:50:24,793 [INFO] IPUIPlugin:80 - create IPUIPlugin
2023-12-31 18:50:24,794 [INFO] PluginManager:220 - loadIPPluginJar : add usart
2023-12-31 18:50:24,797 [INFO] IPUIPlugin:80 - create IPUIPlugin
2023-12-31 18:50:24,797 [INFO] PluginManager:220 - loadIPPluginJar : add usbx
2023-12-31 18:50:24,931 [INFO] CADModel:165 - CPN selected for project level
2023-12-31 18:50:24,931 [INFO] CADModel:114 - Register for checkConnection events
2023-12-31 18:50:24,932 [FATAL] Updater:308 - Updater called before beeing initialized
2023-12-31 18:50:24,932 [ERROR] CADModel:125 - Updater not yet initialized, retry later 
2023-12-31 18:50:25,166 [INFO] CADModel:165 - CPN selected for project level
2023-12-31 18:50:25,167 [INFO] CADModel:114 - Register for checkConnection events
2023-12-31 18:50:25,167 [FATAL] Updater:308 - Updater called before beeing initialized
2023-12-31 18:50:25,167 [ERROR] CADModel:125 - Updater not yet initialized, retry later 
2023-12-31 18:50:25,172 [FATAL] Updater:308 - Updater called before beeing initialized
2023-12-31 18:50:25,324 [FATAL] Updater:308 - Updater called before beeing initialized
2023-12-31 18:50:25,328 [INFO] DbMcusAds:53 - JSON generation date=Wed Nov 29 13:52:38 TRT 2023 (1701255158764)
2023-12-31 18:50:25,328 [FATAL] Updater:308 - Updater called before beeing initialized
2023-12-31 18:50:25,366 [WARN] DetailPanel:346 - Failed to get advertising image, set to default
2023-12-31 18:50:25,487 [FATAL] Updater:308 - Updater called before beeing initialized
2023-12-31 18:50:25,490 [FATAL] Updater:308 - Updater called before beeing initialized
2023-12-31 18:50:25,490 [FATAL] Updater:308 - Updater called before beeing initialized
2023-12-31 18:50:25,490 [WARN] DetailPanel:346 - Failed to get advertising image, set to default
2023-12-31 18:50:25,491 [FATAL] Updater:308 - Updater called before beeing initialized
2023-12-31 18:50:25,576 [ERROR] Updater:1120 - MainUpdater not yet initialized. External WinMGr cannot be set.
2023-12-31 18:50:25,581 [INFO] Updater:1056 - Updater Version found : 6.10.0
2023-12-31 18:50:25,617 [INFO] ApplicationProperties:184 - Using Application install path: C:\ST\STM32CubeIDE_1.14.0\STM32CubeIDE\plugins\com.st.stm32cube.common.mx_6.10.0.202311202037
2023-12-31 18:50:26,892 [INFO] ThirdPartyUpdaterWithRetryManager:70 - Updater plugin not ready yet. [2/15]
2023-12-31 18:50:27,195 [ERROR] LogOutputStream:75 - [STDERR_REDIRECT] Dec 31, 2023 6:50:27 PM java.util.prefs.WindowsPreferences <init>
2023-12-31 18:50:27,200 [ERROR] LogOutputStream:75 - [STDERR_REDIRECT] WARNING: Could not open/create prefs root node Software\JavaSoft\Prefs at root 0xffffffff80000002. Windows RegCreateKeyEx(...) returned error code 5.
2023-12-31 18:50:27,200 [ERROR] LogOutputStream:75 - [STDERR_REDIRECT] 
2023-12-31 18:50:27,714 [INFO] MainUpdater:2873 - connection check result : 10
2023-12-31 18:50:27,714 [INFO] MainUpdater:290 - Updater Check For Update Now.
2023-12-31 18:50:27,714 [INFO] MicroXplorer:498 - Change Database Version : DB.6.0.100
2023-12-31 18:50:27,719 [INFO] McuFinderGlobals:63 - Set McuFinder mode to 2 (CubeIDE integrated)
2023-12-31 18:50:27,900 [INFO] CheckServerUpdateThread:120 - End of CheckServer Thread
2023-12-31 18:50:28,157 [INFO] UserAuth:404 - Internet connection configuration mode: 1
2023-12-31 18:50:28,169 [INFO] JxBrowserEngine:152 - Initiate JxBrowser Engine with user profile folder
2023-12-31 18:50:28,840 [INFO] WebApp:161 - Instantiating new browser for Auth
2023-12-31 18:50:29,373 [INFO] WebApp:780 - Register for checkConnection events
2023-12-31 18:50:29,373 [INFO] WebApp:414 - Apply proxy settings
2023-12-31 18:50:29,373 [INFO] WebApp:499 - Chromium requires no authentication
2023-12-31 18:50:29,381 [INFO] WebApp:442 - Direct internet connection detected
2023-12-31 18:50:29,591 [INFO] WebApp:192 - Starting web application
2023-12-31 18:50:29,592 [INFO] WebApp:544 - Web application path used C:\ST\STM32CubeIDE_1.14.0\STM32CubeIDE\plugins\com.st.stm32cube.common.mx_6.10.0.202311202037\db\plugins\mcufinder\reactClient1\index.html
2023-12-31 18:50:30,097 [WARN] PackLoader:240 - Cannot read IP mode file for STMicroelectronics.X-CUBE-SMBUS.2.1.0
2023-12-31 18:50:30,109 [WARN] PackLoader:240 - Cannot read IP mode file for STMicroelectronics.X-CUBE-TOUCHGFX.4.23.0
2023-12-31 18:50:30,162 [WARN] PackLoader:240 - Cannot read IP mode file for STMicroelectronics.X-CUBE-AZRTOS-F7.1.1.0
2023-12-31 18:50:30,177 [WARN] PackLoader:240 - Cannot read IP mode file for STMicroelectronics.FP-SNS-MOTENV1.4.3.2
2023-12-31 18:50:30,187 [WARN] PackLoader:240 - Cannot read IP mode file for STMicroelectronics.FP-SNS-FLIGHT1.5.0.2
2023-12-31 18:50:30,198 [WARN] PackLoader:240 - Cannot read IP mode file for STMicroelectronics.X-CUBE-DISPLAY.3.0.0
2023-12-31 18:50:30,235 [WARN] PackLoader:240 - Cannot read IP mode file for STMicroelectronics.X-CUBE-BLE1.7.0.0
2023-12-31 18:50:30,243 [WARN] PackLoader:240 - Cannot read IP mode file for emotas.I-CUBE-CANOPEN.1.3.0
2023-12-31 18:50:30,246 [WARN] PackLoader:240 - Cannot read IP mode file for STMicroelectronics.X-CUBE-TOUCHGFX.4.22.1
2023-12-31 18:50:30,261 [INFO] LogOutputStream:77 - [STDOUT_REDIRECT] 1 : Invalid condition id : UX_CORESTACK_Condition cause : null
2023-12-31 18:50:30,262 [INFO] LogOutputStream:77 - [STDOUT_REDIRECT] 1 : Invalid condition id : UX_CORESTACK_Condition cause : null
2023-12-31 18:50:30,263 [INFO] LogOutputStream:77 - [STDOUT_REDIRECT] 1 : Invalid condition id : UX_CORESTACK_Condition cause : null
2023-12-31 18:50:30,264 [INFO] LogOutputStream:77 - [STDOUT_REDIRECT] 1 : Invalid condition id : UX_CORESTACK_Condition cause : null
2023-12-31 18:50:30,266 [INFO] LogOutputStream:77 - [STDOUT_REDIRECT] 1 : Invalid condition id : UX_CORESTACK_Condition cause : null
2023-12-31 18:50:30,271 [WARN] PackLoader:240 - Cannot read IP mode file for STMicroelectronics.X-CUBE-AZRTOS-WL.2.0.0
2023-12-31 18:50:30,283 [WARN] PackLoader:240 - Cannot read IP mode file for WES.I-CUBE-Cesium.1.3.0
2023-12-31 18:50:30,290 [WARN] PackLoader:240 - Cannot read IP mode file for STMicroelectronics.X-CUBE-BLE2.3.3.0
2023-12-31 18:50:30,315 [WARN] PackLoader:240 - Cannot read IP mode file for STMicroelectronics.X-CUBE-ALGOBUILD.1.3.0
2023-12-31 18:50:30,370 [WARN] PackLoader:240 - Cannot read IP mode file for STMicroelectronics.X-CUBE-AZRTOS-G0.1.1.0
2023-12-31 18:50:30,387 [WARN] PackLoader:240 - Cannot read IP mode file for STMicroelectronics.X-CUBE-NFC4.3.0.0
2023-12-31 18:50:30,399 [WARN] PackLoader:240 - Cannot read IP mode file for STMicroelectronics.X-CUBE-BLEMGR.3.0.0
2023-12-31 18:50:30,406 [WARN] PackLoader:240 - Cannot read IP mode file for STMicroelectronics.FP-ATR-SIGFOX1.3.2.0
2023-12-31 18:50:30,446 [WARN] PackLoader:240 - Cannot read IP mode file for SEGGER.I-CUBE-embOS.1.3.1
2023-12-31 18:50:30,488 [WARN] PackLoader:240 - Cannot read IP mode file for STMicroelectronics.X-CUBE-GNSS1.6.0.0
2023-12-31 18:50:30,511 [WARN] PackLoader:240 - Cannot read IP mode file for STMicroelectronics.X-CUBE-AZRTOS-F4.1.1.0
2023-12-31 18:50:30,523 [WARN] PackLoader:240 - Cannot read IP mode file for wolfSSL.I-CUBE-wolfSSL.5.6.3
2023-12-31 18:50:30,548 [WARN] PackLoader:240 - Cannot read IP mode file for STMicroelectronics.X-CUBE-AZRTOS-L5.2.0.0
2023-12-31 18:50:30,605 [WARN] PackLoader:240 - Cannot read IP mode file for STMicroelectronics.X-CUBE-MEMS1.9.6.0
2023-12-31 18:50:30,760 [WARN] PackLoader:240 - Cannot read IP mode file for STMicroelectronics.X-CUBE-EEPRMA1.4.2.0
2023-12-31 18:50:30,765 [WARN] PackLoader:240 - Cannot read IP mode file for ITTIA_DB.I-CUBE-ITTIADB.8.8.0
2023-12-31 18:50:30,776 [WARN] PackLoader:240 - Cannot read IP mode file for STMicroelectronics.X-CUBE-BLEMGR.2.0.0
2023-12-31 18:50:30,797 [WARN] ConditionMgr:438 - getConditionDescription Invalid condition id : UX DEVICE CLASS RTOS Condition cause : null
2023-12-31 18:50:30,798 [WARN] ConditionMgr:438 - getConditionDescription Invalid condition id : UX DEVICE CLASS RTOS Condition cause : null
2023-12-31 18:50:30,802 [WARN] PackLoader:240 - Cannot read IP mode file for STMicroelectronics.X-CUBE-AZRTOS-H7.3.1.0
2023-12-31 18:50:30,803 [WARN] ConditionMgr:1039 - genDependencies : Invalid condition id : UX DEVICE CLASS RTOS Condition cause : null
2023-12-31 18:50:30,803 [WARN] ConditionMgr:1039 - genDependencies : Invalid condition id : UX DEVICE CLASS RTOS Condition cause : null
2023-12-31 18:50:30,804 [WARN] ConditionMgr:1039 - genDependencies : Invalid condition id : UX DEVICE CLASS RTOS Condition cause : null
2023-12-31 18:50:30,805 [WARN] ConditionMgr:1039 - genDependencies : Invalid condition id : UX DEVICE CLASS RTOS Condition cause : null
2023-12-31 18:50:30,805 [WARN] ConditionMgr:1039 - genDependencies : Invalid condition id : UX DEVICE CLASS RTOS Condition cause : null
2023-12-31 18:50:30,814 [WARN] PackLoader:240 - Cannot read IP mode file for STMicroelectronics.X-CUBE-NFC7.1.0.1
2023-12-31 18:50:30,820 [WARN] PackLoader:240 - Cannot read IP mode file for STMicroelectronics.X-CUBE-EEPRMA1.4.1.0
2023-12-31 18:50:30,825 [WARN] PackLoader:240 - Cannot read IP mode file for STMicroelectronics.X-CUBE-AI.8.1.0
2023-12-31 18:50:30,841 [WARN] ConditionMgr:438 - getConditionDescription Invalid condition id : LAN8742 Phy interface Condition cause : null
2023-12-31 18:50:30,844 [WARN] PackLoader:240 - Cannot read IP mode file for STMicroelectronics.X-CUBE-AZRTOS-L4.2.0.0
2023-12-31 18:50:30,846 [WARN] ConditionMgr:1039 - genDependencies : Invalid condition id : LAN8742 Phy interface Condition cause : null
2023-12-31 18:50:30,847 [WARN] ConditionMgr:1039 - genDependencies : Invalid condition id : LAN8742 Phy interface Condition cause : null
2023-12-31 18:50:30,847 [WARN] ConditionMgr:1039 - genDependencies : Invalid condition id : LAN8742 Phy interface Condition cause : null
2023-12-31 18:50:30,855 [WARN] PackLoader:240 - Cannot read IP mode file for STMicroelectronics.X-CUBE-SFXS2LP1.4.0.0
2023-12-31 18:50:30,863 [WARN] PackLoader:240 - Cannot read IP mode file for STMicroelectronics.X-CUBE-ISPU.1.1.0
2023-12-31 18:50:30,880 [WARN] ConditionMgr:438 - getConditionDescription Invalid condition id : UX DEVICE CLASS RTOS Condition cause : null
2023-12-31 18:50:30,881 [WARN] ConditionMgr:438 - getConditionDescription Invalid condition id : UX DEVICE CLASS RTOS Condition cause : null
2023-12-31 18:50:30,884 [WARN] PackLoader:240 - Cannot read IP mode file for STMicroelectronics.X-CUBE-AZRTOS-WB.2.0.0
2023-12-31 18:50:30,884 [WARN] ConditionMgr:1039 - genDependencies : Invalid condition id : UX DEVICE CLASS RTOS Condition cause : null
2023-12-31 18:50:30,885 [WARN] ConditionMgr:1039 - genDependencies : Invalid condition id : UX DEVICE CLASS RTOS Condition cause : null
2023-12-31 18:50:30,885 [WARN] ConditionMgr:1039 - genDependencies : Invalid condition id : UX DEVICE CLASS RTOS Condition cause : null
2023-12-31 18:50:30,885 [WARN] ConditionMgr:1039 - genDependencies : Invalid condition id : UX DEVICE CLASS RTOS Condition cause : null
2023-12-31 18:50:30,886 [WARN] ConditionMgr:1039 - genDependencies : Invalid condition id : UX DEVICE CLASS RTOS Condition cause : null
2023-12-31 18:50:30,897 [WARN] PackLoader:240 - Cannot read IP mode file for STMicroelectronics.X-CUBE-SUBG2.5.0.0
2023-12-31 18:50:30,918 [WARN] PackLoader:240 - Cannot read IP mode file for STMicroelectronics.X-CUBE-TOF1.3.3.1
2023-12-31 18:50:30,938 [WARN] PackLoader:240 - Cannot read IP mode file for STMicroelectronics.X-CUBE-AZRTOS-G4.2.0.0
2023-12-31 18:50:30,955 [WARN] PackLoader:240 - Cannot read IP mode file for Infineon.AIROC-Wi-Fi-Bluetooth-STM32.1.5.1
2023-12-31 18:50:30,967 [WARN] PackLoader:240 - Cannot read IP mode file for STMicroelectronics.FP-SNS-MOTENVWB1.1.3.0
2023-12-31 18:50:30,972 [WARN] PackLoader:240 - Cannot read IP mode file for STMicroelectronics.FP-SNS-MOTENVWB1.1.3.1
2023-12-31 18:50:30,985 [WARN] PackLoader:240 - Cannot read IP mode file for STMicroelectronics.X-CUBE-ISPU.2.0.0
2023-12-31 18:50:31,035 [WARN] PackLoader:240 - Cannot read IP mode file for STMicroelectronics.X-CUBE-MEMS1.10.0.0
2023-12-31 18:50:31,162 [WARN] PackLoader:240 - Cannot read IP mode file for STMicroelectronics.X-CUBE-FREERTOS.1.1.0
2023-12-31 18:50:31,168 [WARN] PackLoader:240 - Cannot read IP mode file for portGmbH.I-Cube-SoM-uGOAL.1.1.0
2023-12-31 18:50:31,174 [WARN] PackLoader:240 - Cannot read IP mode file for STMicroelectronics.X-CUBE-ALS.1.0.1
2023-12-31 18:50:31,181 [WARN] PackLoader:240 - Cannot read IP mode file for STMicroelectronics.FP-ATR-ASTRA1.2.0.0
2023-12-31 18:50:31,189 [WARN] PackLoader:240 - Cannot read IP mode file for STMicroelectronics.X-CUBE-TOF1.3.4.0
2023-12-31 18:50:31,216 [WARN] PackLoader:240 - Cannot read IP mode file for STMicroelectronics.X-CUBE-AZRTOS-H7.3.2.0
2023-12-31 18:50:31,219 [INFO] ThirdParty:978 - Integrity check success = true
2023-12-31 18:50:31,219 [INFO] IntegrityCheckThread:100 - exiting critical section [integrity check]
2023-12-31 18:50:31,219 [INFO] IntegrityCheckThread:103 - End integrity checks thread
2023-12-31 18:50:50,472 [ERROR] LogOutputStream:75 - [STDERR_REDIRECT] SLF4J: Failed to load class "org.slf4j.impl.StaticLoggerBinder".
2023-12-31 18:50:50,475 [ERROR] LogOutputStream:75 - [STDERR_REDIRECT] SLF4J: Defaulting to no-operation (NOP) logger implementation
2023-12-31 18:50:50,476 [ERROR] LogOutputStream:75 - [STDERR_REDIRECT] SLF4J: See http://www.slf4j.org/codes.html#StaticLoggerBinder for further details.
2023-12-31 18:58:07,255 [ERROR] LogOutputStream:75 - [STDERR_REDIRECT] 
2023-12-31 18:58:07,256 [ERROR] LogOutputStream:75 - [STDERR_REDIRECT] 
