2023-12-30 17:21:14,230 [INFO] Activator:176 - 


2023-12-30 17:21:14,243 [INFO] Activator:177 - !SESSION log4j initialized
2023-12-30 17:21:17,750 [INFO] LogOutputStream:77 - [STDOUT_REDIRECT] 
2023-12-30 17:21:18,082 [ERROR] ConfigurationRetriever:142 - IOException on connection: sw-center.st.com
2023-12-30 17:21:18,083 [ERROR] ConfigurationRetriever:142 - IOException on connection: sw-center.st.com
2023-12-30 17:21:18,083 [ERROR] ConfigurationRetriever:142 - IOException on connection: sw-center.st.com
2023-12-30 17:21:18,623 [INFO] ApplicationProperties:184 - Using Application install path: C:\ST\STM32CubeIDE_1.14.0\STM32CubeIDE\plugins\com.st.stm32cube.common.mx_6.10.0.202311202037
2023-12-30 17:21:18,644 [INFO] DbMcusXml:78 - Set database path to: C:\ST\STM32CubeIDE_1.14.0\STM32CubeIDE\plugins\com.st.stm32cube.common.mx_6.10.0.202311202037\\db\/mcu/
2023-12-30 17:21:18,645 [INFO] ApiDb:274 - Set plugin database path to: C:\ST\STM32CubeIDE_1.14.0\STM32CubeIDE\plugins\com.st.stm32cube.common.mx_6.10.0.202311202037\\db\/plugins/boardmanager/
2023-12-30 17:21:18,645 [WARN] ApiDb:259 - Overriding images path with different value:  => C:\ST\STM32CubeIDE_1.14.0\STM32CubeIDE\plugins\com.st.stm32cube.common.mx_6.10.0.202311202037\\db\/plugins/mcufinder/images/
2023-12-30 17:21:18,655 [INFO] ApiDb:250 - Set database path to: C:\Users\Kaan\.stmcufinder\plugins\mcufinder//mcu/
2023-12-30 17:21:18,657 [INFO] DbMcusAds:125 - Set database path to: C:\Users\Kaan\.stmcufinder\plugins\mcufinder//mcu/
2023-12-30 17:21:18,659 [INFO] CrossReferenceDbSqlite:203 - Set database path to: C:\Users\Kaan\.stmcufinder\plugins\mcufinder//mcu/cs/
2023-12-30 17:21:18,773 [INFO] RulesReader:64 - Compatibility file has been processed (297 Rules)
2023-12-30 17:21:18,879 [INFO] DbMcusXml:78 - Set database path to: C:\ST\STM32CubeIDE_1.14.0\STM32CubeIDE\plugins\com.st.stm32cube.common.mx_6.10.0.202311202037\\db\/mcu/
2023-12-30 17:21:18,879 [INFO] ApiDb:274 - Set plugin database path to: C:\ST\STM32CubeIDE_1.14.0\STM32CubeIDE\plugins\com.st.stm32cube.common.mx_6.10.0.202311202037\\db\/plugins/boardmanager/
2023-12-30 17:21:18,879 [INFO] ApiDb:261 - Set plugin images path to: C:\ST\STM32CubeIDE_1.14.0\STM32CubeIDE\plugins\com.st.stm32cube.common.mx_6.10.0.202311202037\\db\/plugins/mcufinder/images/
2023-12-30 17:21:18,880 [WARN] DbFile:41 - Overriding database path with different value: C:\Users\Kaan\.stmcufinder\plugins\mcufinder/ => C:\Users\Kaan\.stmcufinder\plugins\mcufinder
2023-12-30 17:21:18,880 [INFO] ApiDb:250 - Set database path to: C:\Users\Kaan\.stmcufinder\plugins\mcufinder//mcu/
2023-12-30 17:21:18,880 [WARN] DbFile:41 - Overriding database path with different value: C:\Users\Kaan\.stmcufinder\plugins\mcufinder/ => C:\Users\Kaan\.stmcufinder\plugins\mcufinder
2023-12-30 17:21:18,880 [INFO] DbMcusAds:125 - Set database path to: C:\Users\Kaan\.stmcufinder\plugins\mcufinder//mcu/
2023-12-30 17:21:18,880 [WARN] DbFile:41 - Overriding database path with different value: C:\Users\Kaan\.stmcufinder\plugins\mcufinder/ => C:\Users\Kaan\.stmcufinder\plugins\mcufinder
2023-12-30 17:21:18,880 [WARN] DbFile:41 - Overriding database path with different value: C:\Users\Kaan\.stmcufinder\plugins\mcufinder/ => C:\Users\Kaan\.stmcufinder\plugins\mcufinder
2023-12-30 17:21:18,880 [INFO] CrossReferenceDbSqlite:203 - Set database path to: C:\Users\Kaan\.stmcufinder\plugins\mcufinder//mcu/cs/
2023-12-30 17:21:18,979 [INFO] MainPanel:264 - HeapMemory: 268435456
2023-12-30 17:21:19,058 [INFO] DbMcusXml:78 - Set database path to: C:\ST\STM32CubeIDE_1.14.0\STM32CubeIDE\plugins\com.st.stm32cube.common.mx_6.10.0.202311202037\\db\/mcu/
2023-12-30 17:21:19,058 [INFO] ApiDb:274 - Set plugin database path to: C:\ST\STM32CubeIDE_1.14.0\STM32CubeIDE\plugins\com.st.stm32cube.common.mx_6.10.0.202311202037\\db\/plugins/boardmanager/
2023-12-30 17:21:19,058 [INFO] ApiDb:261 - Set plugin images path to: C:\ST\STM32CubeIDE_1.14.0\STM32CubeIDE\plugins\com.st.stm32cube.common.mx_6.10.0.202311202037\\db\/plugins/mcufinder/images/
2023-12-30 17:21:19,058 [WARN] DbFile:41 - Overriding database path with different value: C:\Users\Kaan\.stmcufinder\plugins\mcufinder/ => C:\Users\Kaan\.stmcufinder\plugins\mcufinder
2023-12-30 17:21:19,058 [INFO] ApiDb:250 - Set database path to: C:\Users\Kaan\.stmcufinder\plugins\mcufinder//mcu/
2023-12-30 17:21:19,058 [WARN] DbFile:41 - Overriding database path with different value: C:\Users\Kaan\.stmcufinder\plugins\mcufinder/ => C:\Users\Kaan\.stmcufinder\plugins\mcufinder
2023-12-30 17:21:19,058 [INFO] DbMcusAds:125 - Set database path to: C:\Users\Kaan\.stmcufinder\plugins\mcufinder//mcu/
2023-12-30 17:21:19,058 [WARN] DbFile:41 - Overriding database path with different value: C:\Users\Kaan\.stmcufinder\plugins\mcufinder/ => C:\Users\Kaan\.stmcufinder\plugins\mcufinder
2023-12-30 17:21:19,059 [WARN] DbFile:41 - Overriding database path with different value: C:\Users\Kaan\.stmcufinder\plugins\mcufinder/ => C:\Users\Kaan\.stmcufinder\plugins\mcufinder
2023-12-30 17:21:19,059 [INFO] CrossReferenceDbSqlite:203 - Set database path to: C:\Users\Kaan\.stmcufinder\plugins\mcufinder//mcu/cs/
2023-12-30 17:21:19,076 [INFO] ApplicationProperties:184 - Using Application install path: C:\ST\STM32CubeIDE_1.14.0\STM32CubeIDE\plugins\com.st.stm32cube.common.mx_6.10.0.202311202037
2023-12-30 17:21:19,078 [INFO] PluginManage:196 - Search for loadable plugins [exclusion list=, ]
2023-12-30 17:21:19,080 [INFO] PluginManage:310 - Check plugin analytics
2023-12-30 17:21:19,239 [INFO] AnalyticsPlugin:253 - Accepted Software Licenses: 
2023-12-30 17:21:19,239 [INFO] AnalyticsPlugin:255 - Accepted CMSIS Pack Licenses: 
2023-12-30 17:21:19,239 [INFO] AnalyticsPlugin:257 - Accepted Firmware Licenses: FW.F4.1.27.0,FW.F4.1.28.0,FW.G0.1.6.0
2023-12-30 17:21:19,241 [INFO] PluginManage:359 - Loaded plugin analytics (category:tool,tabindex:-1)
2023-12-30 17:21:19,241 [INFO] PluginManage:310 - Check plugin cadmodel
2023-12-30 17:21:19,242 [ERROR] ConfigurationRetriever:142 - IOException on connection: sw-center.st.com
2023-12-30 17:21:19,243 [ERROR] ConfigurationRetriever:142 - IOException on connection: sw-center.st.com
2023-12-30 17:21:19,243 [ERROR] ConfigurationRetriever:142 - IOException on connection: sw-center.st.com
2023-12-30 17:21:19,248 [INFO] CADModel:105 - Init CAD model plugin
2023-12-30 17:21:19,248 [INFO] PluginManage:359 - Loaded plugin cadmodel (category:power,tabindex:5)
2023-12-30 17:21:19,249 [INFO] PluginManage:310 - Check plugin clock
2023-12-30 17:21:19,261 [INFO] PluginManage:359 - Loaded plugin clock (category:base,tabindex:2)
2023-12-30 17:21:19,262 [INFO] PluginManage:310 - Check plugin ddr
2023-12-30 17:21:19,264 [INFO] PluginManage:359 - Loaded plugin ddr (category:tool,tabindex:6)
2023-12-30 17:21:19,264 [INFO] PluginManage:310 - Check plugin filemanager
2023-12-30 17:21:19,426 [INFO] PluginManage:359 - Loaded plugin filemanager (category:base,tabindex:10)
2023-12-30 17:21:19,427 [INFO] PluginManage:310 - Check plugin ipmanager
2023-12-30 17:21:19,437 [INFO] PluginManage:359 - Loaded plugin ipmanager (category:base,tabindex:5)
2023-12-30 17:21:19,438 [INFO] PluginManage:310 - Check plugin lpbam
2023-12-30 17:21:19,449 [INFO] PluginManage:359 - Loaded plugin lpbam (category:base,tabindex:0)
2023-12-30 17:21:19,450 [INFO] PluginManage:310 - Check plugin memorymap
2023-12-30 17:21:19,468 [INFO] PluginManage:359 - Loaded plugin memorymap (category:base,tabindex:4)
2023-12-30 17:21:19,468 [INFO] PluginManage:310 - Check plugin pinoutandconfiguration
2023-12-30 17:21:19,479 [INFO] PluginManage:359 - Loaded plugin pinoutandconfiguration (category:base,tabindex:1)
2023-12-30 17:21:19,479 [INFO] PluginManage:310 - Check plugin pinoutconfig
2023-12-30 17:21:19,567 [WARN] SupportedApi:132 - Cannot load RTOS API schema: s4s-elt-must-match.1: The content of 'definitions' must match (annotation?, (simpleType | complexType)?, (unique | key | keyref)*)). A problem was found starting at: attribute.
2023-12-30 17:21:19,680 [INFO] PluginManage:359 - Loaded plugin pinoutconfig (category:base,tabindex:0)
2023-12-30 17:21:19,681 [INFO] PluginManage:310 - Check plugin power
2023-12-30 17:21:19,692 [INFO] PluginManage:359 - Loaded plugin power (category:power,tabindex:4)
2023-12-30 17:21:19,692 [INFO] PluginManage:310 - Check plugin projectmanager
2023-12-30 17:21:19,709 [INFO] PluginManage:359 - Loaded plugin projectmanager (category:projectmanager,tabindex:3)
2023-12-30 17:21:19,709 [INFO] PluginManage:310 - Check plugin thirdparty
2023-12-30 17:21:19,864 [INFO] PluginManage:359 - Loaded plugin thirdparty (category:base,tabindex:-1)
2023-12-30 17:21:19,864 [WARN] IntegrityCheckThread:84 - waiting for thirdparty lock release [integrity check]
2023-12-30 17:21:19,864 [INFO] PluginManage:310 - Check plugin tools
2023-12-30 17:21:19,864 [INFO] IntegrityCheckThread:86 - entering critical section [integrity check]
2023-12-30 17:21:19,865 [INFO] ThirdPartyUpdaterWithRetryManager:70 - Updater plugin not ready yet. [1/15]
2023-12-30 17:21:19,868 [INFO] PluginManage:359 - Loaded plugin tools (category:base,tabindex:7)
2023-12-30 17:21:19,868 [INFO] PluginManage:310 - Check plugin tutovideos
2023-12-30 17:21:20,028 [INFO] PluginManage:359 - Loaded plugin tutovideos (category:base,tabindex:-1)
2023-12-30 17:21:20,028 [INFO] PluginManage:310 - Check plugin updater
2023-12-30 17:21:20,040 [INFO] PluginManage:359 - Loaded plugin updater (category:base,tabindex:12)
2023-12-30 17:21:20,040 [INFO] PluginManage:310 - Check plugin userauth
2023-12-30 17:21:20,044 [INFO] UserAuth:114 - Init User Auth plugin
2023-12-30 17:21:20,044 [INFO] PluginManage:359 - Loaded plugin userauth (category:base,tabindex:14)
2023-12-30 17:21:20,045 [INFO] PluginManage:283 - PluginManage : Loaded plugins [17]
2023-12-30 17:21:20,230 [INFO] PinOutPanel:1499 - setPackage(No Configuration,No Configuration)
2023-12-30 17:21:20,303 [INFO] CADModel:165 - CPN selected for project level
2023-12-30 17:21:20,303 [INFO] CADModel:114 - Register for checkConnection events
2023-12-30 17:21:20,326 [INFO] IPUIPlugin:80 - create IPUIPlugin
2023-12-30 17:21:20,326 [INFO] PluginManager:220 - loadIPPluginJar : add adc
2023-12-30 17:21:20,330 [INFO] IPUIPlugin:80 - create IPUIPlugin
2023-12-30 17:21:20,330 [INFO] PluginManager:220 - loadIPPluginJar : add aes
2023-12-30 17:21:20,334 [INFO] IPUIPlugin:80 - create IPUIPlugin
2023-12-30 17:21:20,334 [INFO] PluginManager:220 - loadIPPluginJar : add can
2023-12-30 17:21:20,337 [INFO] IPUIPlugin:80 - create IPUIPlugin
2023-12-30 17:21:20,337 [INFO] PluginManager:220 - loadIPPluginJar : add comp
2023-12-30 17:21:20,340 [INFO] IPUIPlugin:80 - create IPUIPlugin
2023-12-30 17:21:20,341 [INFO] PluginManager:220 - loadIPPluginJar : add cryp
2023-12-30 17:21:20,343 [INFO] IPUIPlugin:80 - create IPUIPlugin
2023-12-30 17:21:20,344 [INFO] PluginManager:220 - loadIPPluginJar : add dfsdm
2023-12-30 17:21:20,350 [INFO] IPUIPlugin:80 - create IPUIPlugin
2023-12-30 17:21:20,350 [INFO] PluginManager:220 - loadIPPluginJar : add dma
2023-12-30 17:21:20,355 [INFO] IPUIPlugin:80 - create IPUIPlugin
2023-12-30 17:21:20,355 [INFO] PluginManager:220 - loadIPPluginJar : add dma3
2023-12-30 17:21:20,358 [INFO] IPUIPlugin:80 - create IPUIPlugin
2023-12-30 17:21:20,358 [INFO] PluginManager:220 - loadIPPluginJar : add fatfs
2023-12-30 17:21:20,363 [INFO] IPUIPlugin:80 - create IPUIPlugin
2023-12-30 17:21:20,363 [INFO] PluginManager:220 - loadIPPluginJar : add fmc
2023-12-30 17:21:20,368 [INFO] IPUIPlugin:80 - create IPUIPlugin
2023-12-30 17:21:20,369 [INFO] PluginManager:220 - loadIPPluginJar : add freertos
2023-12-30 17:21:20,371 [INFO] IPUIPlugin:80 - create IPUIPlugin
2023-12-30 17:21:20,371 [INFO] PluginManager:220 - loadIPPluginJar : add genericplugin
2023-12-30 17:21:20,374 [INFO] IPUIPlugin:80 - create IPUIPlugin
2023-12-30 17:21:20,374 [INFO] PluginManager:220 - loadIPPluginJar : add gfxmmu
2023-12-30 17:21:20,379 [INFO] IPUIPlugin:80 - create IPUIPlugin
2023-12-30 17:21:20,380 [INFO] PluginManager:220 - loadIPPluginJar : add gic
2023-12-30 17:21:20,384 [INFO] IPUIPlugin:80 - create IPUIPlugin
2023-12-30 17:21:20,385 [INFO] PluginManager:220 - loadIPPluginJar : add gpio
2023-12-30 17:21:20,388 [INFO] IPUIPlugin:80 - create IPUIPlugin
2023-12-30 17:21:20,389 [INFO] PluginManager:220 - loadIPPluginJar : add gtzc
2023-12-30 17:21:20,392 [INFO] IPUIPlugin:80 - create IPUIPlugin
2023-12-30 17:21:20,392 [INFO] PluginManager:220 - loadIPPluginJar : add hash
2023-12-30 17:21:20,395 [INFO] IPUIPlugin:80 - create IPUIPlugin
2023-12-30 17:21:20,395 [INFO] PluginManager:220 - loadIPPluginJar : add i2c
2023-12-30 17:21:20,399 [INFO] IPUIPlugin:80 - create IPUIPlugin
2023-12-30 17:21:20,399 [INFO] PluginManager:220 - loadIPPluginJar : add i2s
2023-12-30 17:21:20,402 [INFO] IPUIPlugin:80 - create IPUIPlugin
2023-12-30 17:21:20,402 [INFO] PluginManager:220 - loadIPPluginJar : add i3c
2023-12-30 17:21:20,406 [INFO] IPUIPlugin:80 - create IPUIPlugin
2023-12-30 17:21:20,407 [INFO] PluginManager:220 - loadIPPluginJar : add ipddr
2023-12-30 17:21:20,414 [INFO] IPUIPlugin:80 - create IPUIPlugin
2023-12-30 17:21:20,414 [INFO] PluginManager:220 - loadIPPluginJar : add linkedlist
2023-12-30 17:21:20,418 [INFO] IPUIPlugin:80 - create IPUIPlugin
2023-12-30 17:21:20,418 [INFO] PluginManager:220 - loadIPPluginJar : add lorawan
2023-12-30 17:21:20,420 [INFO] IPUIPlugin:80 - create IPUIPlugin
2023-12-30 17:21:20,421 [INFO] PluginManager:220 - loadIPPluginJar : add ltdc
2023-12-30 17:21:20,427 [INFO] IPUIPlugin:80 - create IPUIPlugin
2023-12-30 17:21:20,427 [INFO] PluginManager:220 - loadIPPluginJar : add mdma
2023-12-30 17:21:20,430 [INFO] IPUIPlugin:80 - create IPUIPlugin
2023-12-30 17:21:20,430 [INFO] PluginManager:220 - loadIPPluginJar : add nvic
2023-12-30 17:21:20,433 [INFO] IPUIPlugin:80 - create IPUIPlugin
2023-12-30 17:21:20,433 [INFO] PluginManager:220 - loadIPPluginJar : add opamp
2023-12-30 17:21:20,441 [INFO] IPUIPlugin:80 - create IPUIPlugin
2023-12-30 17:21:20,441 [INFO] PluginManager:220 - loadIPPluginJar : add openamp
2023-12-30 17:21:20,444 [INFO] IPUIPlugin:80 - create IPUIPlugin
2023-12-30 17:21:20,444 [INFO] PluginManager:220 - loadIPPluginJar : add pdm2pcm
2023-12-30 17:21:20,450 [INFO] IPUIPlugin:80 - create IPUIPlugin
2023-12-30 17:21:20,452 [INFO] PluginManager:220 - loadIPPluginJar : add plateformsettings
2023-12-30 17:21:20,453 [INFO] IPUIPlugin:80 - create IPUIPlugin
2023-12-30 17:21:20,454 [INFO] PluginManager:220 - loadIPPluginJar : add quadspi
2023-12-30 17:21:20,458 [INFO] IPUIPlugin:80 - create IPUIPlugin
2023-12-30 17:21:20,458 [INFO] PluginManager:220 - loadIPPluginJar : add resmgrutility
2023-12-30 17:21:20,461 [INFO] IPUIPlugin:80 - create IPUIPlugin
2023-12-30 17:21:20,461 [INFO] PluginManager:220 - loadIPPluginJar : add sai
2023-12-30 17:21:20,464 [INFO] IPUIPlugin:80 - create IPUIPlugin
2023-12-30 17:21:20,464 [INFO] PluginManager:220 - loadIPPluginJar : add spi
2023-12-30 17:21:20,470 [INFO] IPUIPlugin:80 - create IPUIPlugin
2023-12-30 17:21:20,470 [INFO] PluginManager:220 - loadIPPluginJar : add stm32_wpan
2023-12-30 17:21:20,472 [INFO] IPUIPlugin:80 - create IPUIPlugin
2023-12-30 17:21:20,472 [INFO] PluginManager:220 - loadIPPluginJar : add tim
2023-12-30 17:21:20,475 [INFO] IPUIPlugin:80 - create IPUIPlugin
2023-12-30 17:21:20,475 [INFO] PluginManager:220 - loadIPPluginJar : add touchsensing
2023-12-30 17:21:20,478 [INFO] IPUIPlugin:80 - create IPUIPlugin
2023-12-30 17:21:20,478 [INFO] PluginManager:220 - loadIPPluginJar : add tracer_emb
2023-12-30 17:21:20,480 [INFO] IPUIPlugin:80 - create IPUIPlugin
2023-12-30 17:21:20,480 [INFO] PluginManager:220 - loadIPPluginJar : add ts
2023-12-30 17:21:20,482 [INFO] IPUIPlugin:80 - create IPUIPlugin
2023-12-30 17:21:20,482 [INFO] PluginManager:220 - loadIPPluginJar : add tsc
2023-12-30 17:21:20,484 [INFO] IPUIPlugin:80 - create IPUIPlugin
2023-12-30 17:21:20,484 [INFO] PluginManager:220 - loadIPPluginJar : add ucpd
2023-12-30 17:21:20,486 [INFO] IPUIPlugin:80 - create IPUIPlugin
2023-12-30 17:21:20,486 [INFO] PluginManager:220 - loadIPPluginJar : add usart
2023-12-30 17:21:20,489 [INFO] IPUIPlugin:80 - create IPUIPlugin
2023-12-30 17:21:20,489 [INFO] PluginManager:220 - loadIPPluginJar : add usbx
2023-12-30 17:21:20,612 [INFO] CADModel:165 - CPN selected for project level
2023-12-30 17:21:20,612 [INFO] CADModel:114 - Register for checkConnection events
2023-12-30 17:21:20,613 [FATAL] Updater:308 - Updater called before beeing initialized
2023-12-30 17:21:20,613 [ERROR] CADModel:125 - Updater not yet initialized, retry later 
2023-12-30 17:21:20,766 [INFO] CADModel:165 - CPN selected for project level
2023-12-30 17:21:20,766 [INFO] CADModel:114 - Register for checkConnection events
2023-12-30 17:21:20,766 [FATAL] Updater:308 - Updater called before beeing initialized
2023-12-30 17:21:20,766 [ERROR] CADModel:125 - Updater not yet initialized, retry later 
2023-12-30 17:21:20,769 [FATAL] Updater:308 - Updater called before beeing initialized
2023-12-30 17:21:20,888 [FATAL] Updater:308 - Updater called before beeing initialized
2023-12-30 17:21:20,891 [INFO] DbMcusAds:53 - JSON generation date=Wed Nov 29 13:52:38 TRT 2023 (1701255158764)
2023-12-30 17:21:20,892 [FATAL] Updater:308 - Updater called before beeing initialized
2023-12-30 17:21:20,939 [WARN] DetailPanel:346 - Failed to get advertising image, set to default
2023-12-30 17:21:21,019 [FATAL] Updater:308 - Updater called before beeing initialized
2023-12-30 17:21:21,021 [FATAL] Updater:308 - Updater called before beeing initialized
2023-12-30 17:21:21,021 [FATAL] Updater:308 - Updater called before beeing initialized
2023-12-30 17:21:21,021 [WARN] DetailPanel:346 - Failed to get advertising image, set to default
2023-12-30 17:21:21,021 [FATAL] Updater:308 - Updater called before beeing initialized
2023-12-30 17:21:21,075 [ERROR] Updater:1120 - MainUpdater not yet initialized. External WinMGr cannot be set.
2023-12-30 17:21:21,077 [INFO] Updater:1056 - Updater Version found : 6.10.0
2023-12-30 17:21:21,098 [INFO] ApplicationProperties:184 - Using Application install path: C:\ST\STM32CubeIDE_1.14.0\STM32CubeIDE\plugins\com.st.stm32cube.common.mx_6.10.0.202311202037
2023-12-30 17:21:22,681 [ERROR] LogOutputStream:75 - [STDERR_REDIRECT] Dec 30, 2023 5:21:22 PM java.util.prefs.WindowsPreferences <init>
2023-12-30 17:21:22,681 [ERROR] LogOutputStream:75 - [STDERR_REDIRECT] WARNING: Could not open/create prefs root node Software\JavaSoft\Prefs at root 0xffffffff80000002. Windows RegCreateKeyEx(...) returned error code 5.
2023-12-30 17:21:22,681 [ERROR] LogOutputStream:75 - [STDERR_REDIRECT] 
2023-12-30 17:21:22,869 [INFO] ThirdPartyUpdaterWithRetryManager:70 - Updater plugin not ready yet. [2/15]
2023-12-30 17:21:22,885 [INFO] MainUpdater:2873 - connection check result : 22
2023-12-30 17:21:22,885 [INFO] MainUpdater:290 - Updater Check For Update Now.
2023-12-30 17:21:22,885 [INFO] MicroXplorer:498 - Change Database Version : DB.6.0.100
2023-12-30 17:21:22,885 [INFO] McuFinderGlobals:63 - Set McuFinder mode to 2 (CubeIDE integrated)
2023-12-30 17:21:22,948 [INFO] UserAuth:404 - Internet connection configuration mode: 2
2023-12-30 17:21:23,087 [INFO] CheckServerUpdateThread:120 - End of CheckServer Thread
2023-12-30 17:21:26,014 [WARN] PackLoader:240 - Cannot read IP mode file for STMicroelectronics.X-CUBE-SMBUS.2.1.0
2023-12-30 17:21:26,020 [WARN] PackLoader:240 - Cannot read IP mode file for STMicroelectronics.X-CUBE-TOUCHGFX.4.23.0
2023-12-30 17:21:26,045 [WARN] PackLoader:240 - Cannot read IP mode file for STMicroelectronics.X-CUBE-AZRTOS-F7.1.1.0
2023-12-30 17:21:26,058 [WARN] PackLoader:240 - Cannot read IP mode file for STMicroelectronics.FP-SNS-MOTENV1.4.3.2
2023-12-30 17:21:26,066 [WARN] PackLoader:240 - Cannot read IP mode file for STMicroelectronics.FP-SNS-FLIGHT1.5.0.2
2023-12-30 17:21:26,075 [WARN] PackLoader:240 - Cannot read IP mode file for STMicroelectronics.X-CUBE-DISPLAY.3.0.0
2023-12-30 17:21:26,087 [WARN] PackLoader:240 - Cannot read IP mode file for STMicroelectronics.X-CUBE-BLE1.7.0.0
2023-12-30 17:21:26,093 [WARN] PackLoader:240 - Cannot read IP mode file for emotas.I-CUBE-CANOPEN.1.3.0
2023-12-30 17:21:26,096 [WARN] PackLoader:240 - Cannot read IP mode file for STMicroelectronics.X-CUBE-TOUCHGFX.4.22.1
2023-12-30 17:21:26,107 [INFO] LogOutputStream:77 - [STDOUT_REDIRECT] 1 : Invalid condition id : UX_CORESTACK_Condition cause : null
2023-12-30 17:21:26,108 [INFO] LogOutputStream:77 - [STDOUT_REDIRECT] 1 : Invalid condition id : UX_CORESTACK_Condition cause : null
2023-12-30 17:21:26,109 [INFO] LogOutputStream:77 - [STDOUT_REDIRECT] 1 : Invalid condition id : UX_CORESTACK_Condition cause : null
2023-12-30 17:21:26,110 [INFO] LogOutputStream:77 - [STDOUT_REDIRECT] 1 : Invalid condition id : UX_CORESTACK_Condition cause : null
2023-12-30 17:21:26,111 [INFO] LogOutputStream:77 - [STDOUT_REDIRECT] 1 : Invalid condition id : UX_CORESTACK_Condition cause : null
2023-12-30 17:21:26,116 [WARN] PackLoader:240 - Cannot read IP mode file for STMicroelectronics.X-CUBE-AZRTOS-WL.2.0.0
2023-12-30 17:21:26,126 [WARN] PackLoader:240 - Cannot read IP mode file for WES.I-CUBE-Cesium.1.3.0
2023-12-30 17:21:26,132 [WARN] PackLoader:240 - Cannot read IP mode file for STMicroelectronics.X-CUBE-BLE2.3.3.0
2023-12-30 17:21:26,141 [WARN] PackLoader:240 - Cannot read IP mode file for STMicroelectronics.X-CUBE-ALGOBUILD.1.3.0
2023-12-30 17:21:26,161 [WARN] PackLoader:240 - Cannot read IP mode file for STMicroelectronics.X-CUBE-AZRTOS-G0.1.1.0
2023-12-30 17:21:26,170 [WARN] PackLoader:240 - Cannot read IP mode file for STMicroelectronics.X-CUBE-NFC4.3.0.0
2023-12-30 17:21:26,179 [WARN] PackLoader:240 - Cannot read IP mode file for STMicroelectronics.X-CUBE-BLEMGR.3.0.0
2023-12-30 17:21:26,185 [WARN] PackLoader:240 - Cannot read IP mode file for STMicroelectronics.FP-ATR-SIGFOX1.3.2.0
2023-12-30 17:21:26,217 [WARN] PackLoader:240 - Cannot read IP mode file for SEGGER.I-CUBE-embOS.1.3.1
2023-12-30 17:21:26,243 [WARN] PackLoader:240 - Cannot read IP mode file for STMicroelectronics.X-CUBE-GNSS1.6.0.0
2023-12-30 17:21:26,264 [WARN] PackLoader:240 - Cannot read IP mode file for STMicroelectronics.X-CUBE-AZRTOS-F4.1.1.0
2023-12-30 17:21:26,270 [WARN] PackLoader:240 - Cannot read IP mode file for wolfSSL.I-CUBE-wolfSSL.5.6.3
2023-12-30 17:21:26,285 [WARN] PackLoader:240 - Cannot read IP mode file for STMicroelectronics.X-CUBE-AZRTOS-L5.2.0.0
2023-12-30 17:21:26,314 [WARN] PackLoader:240 - Cannot read IP mode file for STMicroelectronics.X-CUBE-MEMS1.9.6.0
2023-12-30 17:21:26,433 [WARN] PackLoader:240 - Cannot read IP mode file for STMicroelectronics.X-CUBE-EEPRMA1.4.2.0
2023-12-30 17:21:26,438 [WARN] PackLoader:240 - Cannot read IP mode file for ITTIA_DB.I-CUBE-ITTIADB.8.8.0
2023-12-30 17:21:26,443 [WARN] PackLoader:240 - Cannot read IP mode file for STMicroelectronics.X-CUBE-BLEMGR.2.0.0
2023-12-30 17:21:26,458 [WARN] ConditionMgr:438 - getConditionDescription Invalid condition id : UX DEVICE CLASS RTOS Condition cause : null
2023-12-30 17:21:26,458 [WARN] ConditionMgr:438 - getConditionDescription Invalid condition id : UX DEVICE CLASS RTOS Condition cause : null
2023-12-30 17:21:26,461 [WARN] PackLoader:240 - Cannot read IP mode file for STMicroelectronics.X-CUBE-AZRTOS-H7.3.1.0
2023-12-30 17:21:26,463 [WARN] ConditionMgr:1039 - genDependencies : Invalid condition id : UX DEVICE CLASS RTOS Condition cause : null
2023-12-30 17:21:26,463 [WARN] ConditionMgr:1039 - genDependencies : Invalid condition id : UX DEVICE CLASS RTOS Condition cause : null
2023-12-30 17:21:26,463 [WARN] ConditionMgr:1039 - genDependencies : Invalid condition id : UX DEVICE CLASS RTOS Condition cause : null
2023-12-30 17:21:26,464 [WARN] ConditionMgr:1039 - genDependencies : Invalid condition id : UX DEVICE CLASS RTOS Condition cause : null
2023-12-30 17:21:26,464 [WARN] ConditionMgr:1039 - genDependencies : Invalid condition id : UX DEVICE CLASS RTOS Condition cause : null
2023-12-30 17:21:26,470 [WARN] PackLoader:240 - Cannot read IP mode file for STMicroelectronics.X-CUBE-NFC7.1.0.1
2023-12-30 17:21:26,474 [WARN] PackLoader:240 - Cannot read IP mode file for STMicroelectronics.X-CUBE-EEPRMA1.4.1.0
2023-12-30 17:21:26,479 [WARN] PackLoader:240 - Cannot read IP mode file for STMicroelectronics.X-CUBE-AI.8.1.0
2023-12-30 17:21:26,491 [WARN] ConditionMgr:438 - getConditionDescription Invalid condition id : LAN8742 Phy interface Condition cause : null
2023-12-30 17:21:26,492 [WARN] PackLoader:240 - Cannot read IP mode file for STMicroelectronics.X-CUBE-AZRTOS-L4.2.0.0
2023-12-30 17:21:26,493 [WARN] ConditionMgr:1039 - genDependencies : Invalid condition id : LAN8742 Phy interface Condition cause : null
2023-12-30 17:21:26,493 [WARN] ConditionMgr:1039 - genDependencies : Invalid condition id : LAN8742 Phy interface Condition cause : null
2023-12-30 17:21:26,493 [WARN] ConditionMgr:1039 - genDependencies : Invalid condition id : LAN8742 Phy interface Condition cause : null
2023-12-30 17:21:26,499 [WARN] PackLoader:240 - Cannot read IP mode file for STMicroelectronics.X-CUBE-SFXS2LP1.4.0.0
2023-12-30 17:21:26,502 [WARN] PackLoader:240 - Cannot read IP mode file for STMicroelectronics.X-CUBE-ISPU.1.1.0
2023-12-30 17:21:26,523 [WARN] ConditionMgr:438 - getConditionDescription Invalid condition id : UX DEVICE CLASS RTOS Condition cause : null
2023-12-30 17:21:26,524 [WARN] ConditionMgr:438 - getConditionDescription Invalid condition id : UX DEVICE CLASS RTOS Condition cause : null
2023-12-30 17:21:26,528 [WARN] PackLoader:240 - Cannot read IP mode file for STMicroelectronics.X-CUBE-AZRTOS-WB.2.0.0
2023-12-30 17:21:26,529 [WARN] ConditionMgr:1039 - genDependencies : Invalid condition id : UX DEVICE CLASS RTOS Condition cause : null
2023-12-30 17:21:26,529 [WARN] ConditionMgr:1039 - genDependencies : Invalid condition id : UX DEVICE CLASS RTOS Condition cause : null
2023-12-30 17:21:26,529 [WARN] ConditionMgr:1039 - genDependencies : Invalid condition id : UX DEVICE CLASS RTOS Condition cause : null
2023-12-30 17:21:26,530 [WARN] ConditionMgr:1039 - genDependencies : Invalid condition id : UX DEVICE CLASS RTOS Condition cause : null
2023-12-30 17:21:26,530 [WARN] ConditionMgr:1039 - genDependencies : Invalid condition id : UX DEVICE CLASS RTOS Condition cause : null
2023-12-30 17:21:26,539 [WARN] PackLoader:240 - Cannot read IP mode file for STMicroelectronics.X-CUBE-SUBG2.5.0.0
2023-12-30 17:21:26,554 [WARN] PackLoader:240 - Cannot read IP mode file for STMicroelectronics.X-CUBE-TOF1.3.3.1
2023-12-30 17:21:26,579 [WARN] PackLoader:240 - Cannot read IP mode file for STMicroelectronics.X-CUBE-AZRTOS-G4.2.0.0
2023-12-30 17:21:26,605 [WARN] PackLoader:240 - Cannot read IP mode file for Infineon.AIROC-Wi-Fi-Bluetooth-STM32.1.5.1
2023-12-30 17:21:26,614 [WARN] PackLoader:240 - Cannot read IP mode file for STMicroelectronics.FP-SNS-MOTENVWB1.1.3.0
2023-12-30 17:21:26,618 [WARN] PackLoader:240 - Cannot read IP mode file for STMicroelectronics.FP-SNS-MOTENVWB1.1.3.1
2023-12-30 17:21:26,623 [WARN] PackLoader:240 - Cannot read IP mode file for STMicroelectronics.X-CUBE-ISPU.2.0.0
2023-12-30 17:21:26,654 [WARN] PackLoader:240 - Cannot read IP mode file for STMicroelectronics.X-CUBE-MEMS1.10.0.0
2023-12-30 17:21:26,748 [WARN] PackLoader:240 - Cannot read IP mode file for STMicroelectronics.X-CUBE-FREERTOS.1.1.0
2023-12-30 17:21:26,753 [WARN] PackLoader:240 - Cannot read IP mode file for portGmbH.I-Cube-SoM-uGOAL.1.1.0
2023-12-30 17:21:26,757 [WARN] PackLoader:240 - Cannot read IP mode file for STMicroelectronics.X-CUBE-ALS.1.0.1
2023-12-30 17:21:26,761 [WARN] PackLoader:240 - Cannot read IP mode file for STMicroelectronics.FP-ATR-ASTRA1.2.0.0
2023-12-30 17:21:26,768 [WARN] PackLoader:240 - Cannot read IP mode file for STMicroelectronics.X-CUBE-TOF1.3.4.0
2023-12-30 17:21:26,789 [WARN] PackLoader:240 - Cannot read IP mode file for STMicroelectronics.X-CUBE-AZRTOS-H7.3.2.0
2023-12-30 17:21:26,792 [INFO] ThirdParty:978 - Integrity check success = true
2023-12-30 17:21:26,792 [INFO] IntegrityCheckThread:100 - exiting critical section [integrity check]
2023-12-30 17:21:26,792 [INFO] IntegrityCheckThread:103 - End integrity checks thread
2023-12-30 17:21:30,160 [ERROR] ConfigurationRetriever:142 - IOException on connection: sw-center.st.com
2023-12-30 17:21:30,161 [ERROR] ConfigurationRetriever:142 - IOException on connection: sw-center.st.com
2023-12-30 17:21:30,162 [ERROR] ConfigurationRetriever:142 - IOException on connection: sw-center.st.com
2023-12-30 17:21:30,840 [ERROR] LogOutputStream:75 - [STDERR_REDIRECT] 
